<?xml version="1.0" encoding="UTF-8"?>
<testsuite name="com.example.individualproject.IndividualProjectApplicationTests" tests="1" skipped="0" failures="0" errors="0" timestamp="2022-01-21T16:19:29" hostname="DESKTOP-J8FJ0EB" time="0.006">
  <properties/>
  <testcase name="contextLoads()" classname="com.example.individualproject.IndividualProjectApplicationTests" time="0.006"/>
  <system-out><![CDATA[2022-01-21 17:19:28.319  INFO 13200 --- [    Test worker] .b.t.c.SpringBootTestContextBootstrapper : Neither @ContextConfiguration nor @ContextHierarchy found for test class [com.example.individualproject.IndividualProjectApplicationTests], using SpringBootContextLoader
2022-01-21 17:19:28.320  INFO 13200 --- [    Test worker] o.s.t.c.support.AbstractContextLoader    : Could not detect default resource locations for test class [com.example.individualproject.IndividualProjectApplicationTests]: no resource found for suffixes {-context.xml, Context.groovy}.
2022-01-21 17:19:28.321  INFO 13200 --- [    Test worker] t.c.s.AnnotationConfigContextLoaderUtils : Could not detect default configuration classes for test class [com.example.individualproject.IndividualProjectApplicationTests]: IndividualProjectApplicationTests does not declare any static, non-private, non-final, nested classes annotated with @Configuration.
2022-01-21 17:19:28.327  INFO 13200 --- [    Test worker] .b.t.c.SpringBootTestContextBootstrapper : Found @SpringBootConfiguration com.example.individualproject.IndividualProjectApplication for test class com.example.individualproject.IndividualProjectApplicationTests
2022-01-21 17:19:28.329  INFO 13200 --- [    Test worker] .b.t.c.SpringBootTestContextBootstrapper : Loaded default TestExecutionListener class names from location [META-INF/spring.factories]: [org.springframework.security.test.context.support.WithSecurityContextTestExecutionListener, org.springframework.security.test.context.support.ReactorContextTestExecutionListener, org.springframework.boot.test.autoconfigure.restdocs.RestDocsTestExecutionListener, org.springframework.boot.test.autoconfigure.web.client.MockRestServiceServerResetTestExecutionListener, org.springframework.boot.test.autoconfigure.web.servlet.MockMvcPrintOnlyOnFailureTestExecutionListener, org.springframework.boot.test.autoconfigure.web.servlet.WebDriverTestExecutionListener, org.springframework.boot.test.autoconfigure.webservices.client.MockWebServiceServerTestExecutionListener, org.springframework.boot.test.mock.mockito.MockitoTestExecutionListener, org.springframework.boot.test.mock.mockito.ResetMocksTestExecutionListener, org.springframework.test.context.web.ServletTestExecutionListener, org.springframework.test.context.support.DirtiesContextBeforeModesTestExecutionListener, org.springframework.test.context.event.ApplicationEventsTestExecutionListener, org.springframework.test.context.support.DependencyInjectionTestExecutionListener, org.springframework.test.context.support.DirtiesContextTestExecutionListener, org.springframework.test.context.transaction.TransactionalTestExecutionListener, org.springframework.test.context.jdbc.SqlScriptsTestExecutionListener, org.springframework.test.context.event.EventPublishingTestExecutionListener]
2022-01-21 17:19:28.330  INFO 13200 --- [    Test worker] .b.t.c.SpringBootTestContextBootstrapper : Using TestExecutionListeners: [org.springframework.test.context.web.ServletTestExecutionListener@7a7a7b03, org.springframework.test.context.support.DirtiesContextBeforeModesTestExecutionListener@73c48fe4, org.springframework.test.context.event.ApplicationEventsTestExecutionListener@a04a2fd, org.springframework.boot.test.mock.mockito.MockitoTestExecutionListener@4eb7fab0, org.springframework.boot.test.autoconfigure.SpringBootDependencyInjectionTestExecutionListener@67bc3206, org.springframework.test.context.support.DirtiesContextTestExecutionListener@30503aba, org.springframework.test.context.transaction.TransactionalTestExecutionListener@1fec7507, org.springframework.test.context.jdbc.SqlScriptsTestExecutionListener@6e7f6e30, org.springframework.security.test.context.support.WithSecurityContextTestExecutionListener@68555dfb, org.springframework.test.context.event.EventPublishingTestExecutionListener@59e12fa1, org.springframework.security.test.context.support.ReactorContextTestExecutionListener@25d93dd7, org.springframework.boot.test.autoconfigure.restdocs.RestDocsTestExecutionListener@30c2c9b2, org.springframework.boot.test.autoconfigure.web.client.MockRestServiceServerResetTestExecutionListener@723ae0d4, org.springframework.boot.test.autoconfigure.web.servlet.MockMvcPrintOnlyOnFailureTestExecutionListener@22764515, org.springframework.boot.test.autoconfigure.web.servlet.WebDriverTestExecutionListener@4e2df309, org.springframework.boot.test.autoconfigure.webservices.client.MockWebServiceServerTestExecutionListener@68042c27, org.springframework.boot.test.mock.mockito.ResetMocksTestExecutionListener@4d1d4db3]

  .   ____          _            __ _ _
 /\\ / ___'_ __ _ _(_)_ __  __ _ \ \ \ \
( ( )\___ | '_ | '_| | '_ \/ _` | \ \ \ \
 \\/  ___)| |_)| | | | | || (_| |  ) ) ) )
  '  |____| .__|_| |_|_| |_\__, | / / / /
 =========|_|==============|___/=/_/_/_/
 :: Spring Boot ::                (v2.5.4)

2022-01-21 17:19:28.358  INFO 13200 --- [    Test worker] c.e.i.IndividualProjectApplicationTests  : Starting IndividualProjectApplicationTests using Java 11.0.12 on DESKTOP-J8FJ0EB with PID 13200 (started by KristiyanBalev in C:\Users\krist\OneDrive\Desktop\Solo Project\semester-3-individual-task)
2022-01-21 17:19:28.359  INFO 13200 --- [    Test worker] c.e.i.IndividualProjectApplicationTests  : No active profile set, falling back to default profiles: default
2022-01-21 17:19:29.187  INFO 13200 --- [    Test worker] o.s.s.web.DefaultSecurityFilterChain     : Will secure any request with [org.springframework.security.web.context.request.async.WebAsyncManagerIntegrationFilter@1f5a89be, org.springframework.security.web.context.SecurityContextPersistenceFilter@342f1a4c, org.springframework.security.web.header.HeaderWriterFilter@6f70cf11, org.springframework.web.filter.CorsFilter@d8eba17, org.springframework.security.web.authentication.logout.LogoutFilter@56fc86ad, com.example.individualproject.Filter.JWTAuthenticationFilter@2e2af7fc, com.example.individualproject.Filter.JWTAuthorizationFilter@6736e53e, org.springframework.security.web.savedrequest.RequestCacheAwareFilter@3409ed7f, org.springframework.security.web.servletapi.SecurityContextHolderAwareRequestFilter@5d68b4a8, org.springframework.security.web.authentication.AnonymousAuthenticationFilter@2cea871f, org.springframework.security.web.session.SessionManagementFilter@131a8f08, org.springframework.security.web.access.ExceptionTranslationFilter@6a5d4f71, org.springframework.security.web.access.intercept.FilterSecurityInterceptor@72076a45]
2022-01-21 17:19:29.482  INFO 13200 --- [    Test worker] o.s.m.s.b.SimpleBrokerMessageHandler     : Starting...
2022-01-21 17:19:29.482  INFO 13200 --- [    Test worker] o.s.m.s.b.SimpleBrokerMessageHandler     : BrokerAvailabilityEvent[available=true, SimpleBrokerMessageHandler [org.springframework.messaging.simp.broker.DefaultSubscriptionRegistry@67725986]]
2022-01-21 17:19:29.483  INFO 13200 --- [    Test worker] o.s.m.s.b.SimpleBrokerMessageHandler     : Started.
2022-01-21 17:19:29.485  INFO 13200 --- [    Test worker] c.e.i.IndividualProjectApplicationTests  : Started IndividualProjectApplicationTests in 1.152 seconds (JVM running for 8.672)
]]></system-out>
  <system-err><![CDATA[]]></system-err>
</testsuite>
