<?xml version="1.0" encoding="UTF-8"?>
<testsuite name="com.example.individualproject.AdminTests.AdminControllerTests" tests="7" skipped="0" failures="0" errors="0" timestamp="2022-01-21T16:19:28" hostname="DESKTOP-J8FJ0EB" time="0.11">
  <properties/>
  <testcase name="editMovie()" classname="com.example.individualproject.AdminTests.AdminControllerTests" time="0.071"/>
  <testcase name="addMovie()" classname="com.example.individualproject.AdminTests.AdminControllerTests" time="0.006"/>
  <testcase name="removeMovie()" classname="com.example.individualproject.AdminTests.AdminControllerTests" time="0.005"/>
  <testcase name="removeTheatre()" classname="com.example.individualproject.AdminTests.AdminControllerTests" time="0.004"/>
  <testcase name="editTheatre()" classname="com.example.individualproject.AdminTests.AdminControllerTests" time="0.004"/>
  <testcase name="addTheatre()" classname="com.example.individualproject.AdminTests.AdminControllerTests" time="0.004"/>
  <testcase name="addTrailer()" classname="com.example.individualproject.AdminTests.AdminControllerTests" time="0.004"/>
  <system-out><![CDATA[17:19:22.488 [Test worker] DEBUG org.springframework.test.context.BootstrapUtils - Instantiating CacheAwareContextLoaderDelegate from class [org.springframework.test.context.cache.DefaultCacheAwareContextLoaderDelegate]
17:19:22.530 [Test worker] DEBUG org.springframework.test.context.BootstrapUtils - Instantiating BootstrapContext using constructor [public org.springframework.test.context.support.DefaultBootstrapContext(java.lang.Class,org.springframework.test.context.CacheAwareContextLoaderDelegate)]
17:19:22.614 [Test worker] DEBUG org.springframework.test.context.BootstrapUtils - Instantiating TestContextBootstrapper for test class [com.example.individualproject.AdminTests.AdminControllerTests] from class [org.springframework.boot.test.context.SpringBootTestContextBootstrapper]
17:19:22.637 [Test worker] INFO org.springframework.boot.test.context.SpringBootTestContextBootstrapper - Neither @ContextConfiguration nor @ContextHierarchy found for test class [com.example.individualproject.AdminTests.AdminControllerTests], using SpringBootContextLoader
17:19:22.647 [Test worker] DEBUG org.springframework.test.context.support.AbstractContextLoader - Did not detect default resource location for test class [com.example.individualproject.AdminTests.AdminControllerTests]: class path resource [com/example/individualproject/AdminTests/AdminControllerTests-context.xml] does not exist
17:19:22.648 [Test worker] DEBUG org.springframework.test.context.support.AbstractContextLoader - Did not detect default resource location for test class [com.example.individualproject.AdminTests.AdminControllerTests]: class path resource [com/example/individualproject/AdminTests/AdminControllerTestsContext.groovy] does not exist
17:19:22.648 [Test worker] INFO org.springframework.test.context.support.AbstractContextLoader - Could not detect default resource locations for test class [com.example.individualproject.AdminTests.AdminControllerTests]: no resource found for suffixes {-context.xml, Context.groovy}.
17:19:22.650 [Test worker] INFO org.springframework.test.context.support.AnnotationConfigContextLoaderUtils - Could not detect default configuration classes for test class [com.example.individualproject.AdminTests.AdminControllerTests]: AdminControllerTests does not declare any static, non-private, non-final, nested classes annotated with @Configuration.
17:19:22.757 [Test worker] DEBUG org.springframework.test.context.support.ActiveProfilesUtils - Could not find an 'annotation declaring class' for annotation type [org.springframework.test.context.ActiveProfiles] and class [com.example.individualproject.AdminTests.AdminControllerTests]
17:19:22.940 [Test worker] DEBUG org.springframework.context.annotation.ClassPathScanningCandidateComponentProvider - Identified candidate component class: file [C:\Users\krist\OneDrive\Desktop\Solo Project\semester-3-individual-task\build\classes\java\main\com\example\individualproject\IndividualProjectApplication.class]
17:19:22.942 [Test worker] INFO org.springframework.boot.test.context.SpringBootTestContextBootstrapper - Found @SpringBootConfiguration com.example.individualproject.IndividualProjectApplication for test class com.example.individualproject.AdminTests.AdminControllerTests
17:19:23.190 [Test worker] DEBUG org.springframework.boot.test.context.SpringBootTestContextBootstrapper - @TestExecutionListeners is not present for class [com.example.individualproject.AdminTests.AdminControllerTests]: using defaults.
17:19:23.191 [Test worker] INFO org.springframework.boot.test.context.SpringBootTestContextBootstrapper - Loaded default TestExecutionListener class names from location [META-INF/spring.factories]: [org.springframework.security.test.context.support.WithSecurityContextTestExecutionListener, org.springframework.security.test.context.support.ReactorContextTestExecutionListener, org.springframework.boot.test.autoconfigure.restdocs.RestDocsTestExecutionListener, org.springframework.boot.test.autoconfigure.web.client.MockRestServiceServerResetTestExecutionListener, org.springframework.boot.test.autoconfigure.web.servlet.MockMvcPrintOnlyOnFailureTestExecutionListener, org.springframework.boot.test.autoconfigure.web.servlet.WebDriverTestExecutionListener, org.springframework.boot.test.autoconfigure.webservices.client.MockWebServiceServerTestExecutionListener, org.springframework.boot.test.mock.mockito.MockitoTestExecutionListener, org.springframework.boot.test.mock.mockito.ResetMocksTestExecutionListener, org.springframework.test.context.web.ServletTestExecutionListener, org.springframework.test.context.support.DirtiesContextBeforeModesTestExecutionListener, org.springframework.test.context.event.ApplicationEventsTestExecutionListener, org.springframework.test.context.support.DependencyInjectionTestExecutionListener, org.springframework.test.context.support.DirtiesContextTestExecutionListener, org.springframework.test.context.transaction.TransactionalTestExecutionListener, org.springframework.test.context.jdbc.SqlScriptsTestExecutionListener, org.springframework.test.context.event.EventPublishingTestExecutionListener]
17:19:23.239 [Test worker] INFO org.springframework.boot.test.context.SpringBootTestContextBootstrapper - Using TestExecutionListeners: [org.springframework.test.context.web.ServletTestExecutionListener@6e766e77, org.springframework.test.context.support.DirtiesContextBeforeModesTestExecutionListener@1469e60a, org.springframework.test.context.event.ApplicationEventsTestExecutionListener@4cceb8e7, org.springframework.boot.test.mock.mockito.MockitoTestExecutionListener@6dcc0ae3, org.springframework.boot.test.autoconfigure.SpringBootDependencyInjectionTestExecutionListener@3094c4fb, org.springframework.test.context.support.DirtiesContextTestExecutionListener@6b163d55, org.springframework.test.context.transaction.TransactionalTestExecutionListener@5226b950, org.springframework.test.context.jdbc.SqlScriptsTestExecutionListener@5f303ae5, org.springframework.security.test.context.support.WithSecurityContextTestExecutionListener@49958ee4, org.springframework.test.context.event.EventPublishingTestExecutionListener@13b3fe16, org.springframework.security.test.context.support.ReactorContextTestExecutionListener@74382909, org.springframework.boot.test.autoconfigure.restdocs.RestDocsTestExecutionListener@2a81d279, org.springframework.boot.test.autoconfigure.web.client.MockRestServiceServerResetTestExecutionListener@4f069b63, org.springframework.boot.test.autoconfigure.web.servlet.MockMvcPrintOnlyOnFailureTestExecutionListener@43c99fdb, org.springframework.boot.test.autoconfigure.web.servlet.WebDriverTestExecutionListener@760c96ca, org.springframework.boot.test.autoconfigure.webservices.client.MockWebServiceServerTestExecutionListener@523a9068, org.springframework.boot.test.mock.mockito.ResetMocksTestExecutionListener@299cc4cf]
17:19:23.246 [Test worker] DEBUG org.springframework.test.context.support.AbstractDirtiesContextTestExecutionListener - Before test class: context [DefaultTestContext@12b62951 testClass = AdminControllerTests, testInstance = [null], testMethod = [null], testException = [null], mergedContextConfiguration = [WebMergedContextConfiguration@e2bfec3 testClass = AdminControllerTests, locations = '{}', classes = '{class com.example.individualproject.IndividualProjectApplication}', contextInitializerClasses = '[]', activeProfiles = '{}', propertySourceLocations = '{}', propertySourceProperties = '{org.springframework.boot.test.context.SpringBootTestContextBootstrapper=true}', contextCustomizers = set[org.springframework.boot.test.autoconfigure.actuate.metrics.MetricsExportContextCustomizerFactory$DisableMetricExportContextCustomizer@410a52ea, org.springframework.boot.test.autoconfigure.properties.PropertyMappingContextCustomizer@0, org.springframework.boot.test.autoconfigure.web.servlet.WebDriverContextCustomizerFactory$Customizer@5ef52971, org.springframework.boot.test.context.filter.ExcludeFilterContextCustomizer@6ae090ba, org.springframework.boot.test.json.DuplicateJsonObjectContextCustomizerFactory$DuplicateJsonObjectContextCustomizer@7fd49cd, org.springframework.boot.test.mock.mockito.MockitoContextCustomizer@aa9a3042, org.springframework.boot.test.web.client.TestRestTemplateContextCustomizer@4cdc82b6, org.springframework.boot.test.context.SpringBootTestArgs@1, org.springframework.boot.test.context.SpringBootTestWebEnvironment@6ad0182], resourceBasePath = 'src/main/webapp', contextLoader = 'org.springframework.boot.test.context.SpringBootContextLoader', parent = [null]], attributes = map['org.springframework.test.context.web.ServletTestExecutionListener.activateListener' -> true]], class annotated with @DirtiesContext [false] with mode [null].
17:19:23.314 [Test worker] DEBUG org.springframework.test.context.support.TestPropertySourceUtils - Adding inlined properties to environment: {spring.jmx.enabled=false, org.springframework.boot.test.context.SpringBootTestContextBootstrapper=true}

  .   ____          _            __ _ _
 /\\ / ___'_ __ _ _(_)_ __  __ _ \ \ \ \
( ( )\___ | '_ | '_| | '_ \/ _` | \ \ \ \
 \\/  ___)| |_)| | | | | || (_| |  ) ) ) )
  '  |____| .__|_| |_|_| |_\__, | / / / /
 =========|_|==============|___/=/_/_/_/
 :: Spring Boot ::                (v2.5.4)

2022-01-21 17:19:23.830  INFO 13200 --- [    Test worker] c.e.i.AdminTests.AdminControllerTests    : Starting AdminControllerTests using Java 11.0.12 on DESKTOP-J8FJ0EB with PID 13200 (started by KristiyanBalev in C:\Users\krist\OneDrive\Desktop\Solo Project\semester-3-individual-task)
2022-01-21 17:19:23.834  INFO 13200 --- [    Test worker] c.e.i.AdminTests.AdminControllerTests    : No active profile set, falling back to default profiles: default
2022-01-21 17:19:27.337  INFO 13200 --- [    Test worker] o.s.s.web.DefaultSecurityFilterChain     : Will secure any request with [org.springframework.security.web.context.request.async.WebAsyncManagerIntegrationFilter@721e6a12, org.springframework.security.web.context.SecurityContextPersistenceFilter@1979555c, org.springframework.security.web.header.HeaderWriterFilter@369e15c5, org.springframework.web.filter.CorsFilter@4746ba3c, org.springframework.security.web.authentication.logout.LogoutFilter@5582c5ea, com.example.individualproject.Filter.JWTAuthenticationFilter@46fb9899, com.example.individualproject.Filter.JWTAuthorizationFilter@4eedbc0b, org.springframework.security.web.savedrequest.RequestCacheAwareFilter@8c5b13f, org.springframework.security.web.servletapi.SecurityContextHolderAwareRequestFilter@2b655981, org.springframework.security.web.authentication.AnonymousAuthenticationFilter@4f22113e, org.springframework.security.web.session.SessionManagementFilter@38edbd87, org.springframework.security.web.access.ExceptionTranslationFilter@4d3da681, org.springframework.security.web.access.intercept.FilterSecurityInterceptor@41158f1e]
2022-01-21 17:19:28.156  INFO 13200 --- [    Test worker] o.s.m.s.b.SimpleBrokerMessageHandler     : Starting...
2022-01-21 17:19:28.156  INFO 13200 --- [    Test worker] o.s.m.s.b.SimpleBrokerMessageHandler     : BrokerAvailabilityEvent[available=true, SimpleBrokerMessageHandler [org.springframework.messaging.simp.broker.DefaultSubscriptionRegistry@7c9afe99]]
2022-01-21 17:19:28.158  INFO 13200 --- [    Test worker] o.s.m.s.b.SimpleBrokerMessageHandler     : Started.
2022-01-21 17:19:28.172  INFO 13200 --- [    Test worker] c.e.i.AdminTests.AdminControllerTests    : Started AdminControllerTests in 4.842 seconds (JVM running for 7.358)
]]></system-out>
  <system-err><![CDATA[]]></system-err>
</testsuite>
