<?xml version="1.0" encoding="UTF-8"?>
<testsuite name="com.example.individualproject.AdminTests.AdminControllerTests" tests="7" skipped="0" failures="0" errors="0" timestamp="2022-01-18T10:21:49" hostname="DESKTOP-J8FJ0EB" time="0.204">
  <properties/>
  <testcase name="editMovie()" classname="com.example.individualproject.AdminTests.AdminControllerTests" time="0.138"/>
  <testcase name="addMovie()" classname="com.example.individualproject.AdminTests.AdminControllerTests" time="0.01"/>
  <testcase name="removeMovie()" classname="com.example.individualproject.AdminTests.AdminControllerTests" time="0.008"/>
  <testcase name="removeTheatre()" classname="com.example.individualproject.AdminTests.AdminControllerTests" time="0.007"/>
  <testcase name="editTheatre()" classname="com.example.individualproject.AdminTests.AdminControllerTests" time="0.007"/>
  <testcase name="addTheatre()" classname="com.example.individualproject.AdminTests.AdminControllerTests" time="0.007"/>
  <testcase name="addTrailer()" classname="com.example.individualproject.AdminTests.AdminControllerTests" time="0.007"/>
  <system-out><![CDATA[11:21:39.998 [Test worker] DEBUG org.springframework.test.context.BootstrapUtils - Instantiating CacheAwareContextLoaderDelegate from class [org.springframework.test.context.cache.DefaultCacheAwareContextLoaderDelegate]
11:21:40.062 [Test worker] DEBUG org.springframework.test.context.BootstrapUtils - Instantiating BootstrapContext using constructor [public org.springframework.test.context.support.DefaultBootstrapContext(java.lang.Class,org.springframework.test.context.CacheAwareContextLoaderDelegate)]
11:21:40.187 [Test worker] DEBUG org.springframework.test.context.BootstrapUtils - Instantiating TestContextBootstrapper for test class [com.example.individualproject.AdminTests.AdminControllerTests] from class [org.springframework.boot.test.context.SpringBootTestContextBootstrapper]
11:21:40.234 [Test worker] INFO org.springframework.boot.test.context.SpringBootTestContextBootstrapper - Neither @ContextConfiguration nor @ContextHierarchy found for test class [com.example.individualproject.AdminTests.AdminControllerTests], using SpringBootContextLoader
11:21:40.325 [Test worker] DEBUG org.springframework.test.context.support.AbstractContextLoader - Did not detect default resource location for test class [com.example.individualproject.AdminTests.AdminControllerTests]: class path resource [com/example/individualproject/AdminTests/AdminControllerTests-context.xml] does not exist
11:21:40.328 [Test worker] DEBUG org.springframework.test.context.support.AbstractContextLoader - Did not detect default resource location for test class [com.example.individualproject.AdminTests.AdminControllerTests]: class path resource [com/example/individualproject/AdminTests/AdminControllerTestsContext.groovy] does not exist
11:21:40.328 [Test worker] INFO org.springframework.test.context.support.AbstractContextLoader - Could not detect default resource locations for test class [com.example.individualproject.AdminTests.AdminControllerTests]: no resource found for suffixes {-context.xml, Context.groovy}.
11:21:40.331 [Test worker] INFO org.springframework.test.context.support.AnnotationConfigContextLoaderUtils - Could not detect default configuration classes for test class [com.example.individualproject.AdminTests.AdminControllerTests]: AdminControllerTests does not declare any static, non-private, non-final, nested classes annotated with @Configuration.
11:21:40.569 [Test worker] DEBUG org.springframework.test.context.support.ActiveProfilesUtils - Could not find an 'annotation declaring class' for annotation type [org.springframework.test.context.ActiveProfiles] and class [com.example.individualproject.AdminTests.AdminControllerTests]
11:21:40.754 [Test worker] DEBUG org.springframework.context.annotation.ClassPathScanningCandidateComponentProvider - Identified candidate component class: file [C:\Users\krist\OneDrive\Desktop\Solo Project\semester-3-individual-task\build\classes\java\main\com\example\individualproject\IndividualProjectApplication.class]
11:21:40.757 [Test worker] INFO org.springframework.boot.test.context.SpringBootTestContextBootstrapper - Found @SpringBootConfiguration com.example.individualproject.IndividualProjectApplication for test class com.example.individualproject.AdminTests.AdminControllerTests
11:21:41.013 [Test worker] DEBUG org.springframework.boot.test.context.SpringBootTestContextBootstrapper - @TestExecutionListeners is not present for class [com.example.individualproject.AdminTests.AdminControllerTests]: using defaults.
11:21:41.014 [Test worker] INFO org.springframework.boot.test.context.SpringBootTestContextBootstrapper - Loaded default TestExecutionListener class names from location [META-INF/spring.factories]: [org.springframework.security.test.context.support.WithSecurityContextTestExecutionListener, org.springframework.security.test.context.support.ReactorContextTestExecutionListener, org.springframework.boot.test.autoconfigure.restdocs.RestDocsTestExecutionListener, org.springframework.boot.test.autoconfigure.web.client.MockRestServiceServerResetTestExecutionListener, org.springframework.boot.test.autoconfigure.web.servlet.MockMvcPrintOnlyOnFailureTestExecutionListener, org.springframework.boot.test.autoconfigure.web.servlet.WebDriverTestExecutionListener, org.springframework.boot.test.autoconfigure.webservices.client.MockWebServiceServerTestExecutionListener, org.springframework.boot.test.mock.mockito.MockitoTestExecutionListener, org.springframework.boot.test.mock.mockito.ResetMocksTestExecutionListener, org.springframework.test.context.web.ServletTestExecutionListener, org.springframework.test.context.support.DirtiesContextBeforeModesTestExecutionListener, org.springframework.test.context.event.ApplicationEventsTestExecutionListener, org.springframework.test.context.support.DependencyInjectionTestExecutionListener, org.springframework.test.context.support.DirtiesContextTestExecutionListener, org.springframework.test.context.transaction.TransactionalTestExecutionListener, org.springframework.test.context.jdbc.SqlScriptsTestExecutionListener, org.springframework.test.context.event.EventPublishingTestExecutionListener]
11:21:41.049 [Test worker] INFO org.springframework.boot.test.context.SpringBootTestContextBootstrapper - Using TestExecutionListeners: [org.springframework.test.context.web.ServletTestExecutionListener@48adad9, org.springframework.test.context.support.DirtiesContextBeforeModesTestExecutionListener@1d9a0694, org.springframework.test.context.event.ApplicationEventsTestExecutionListener@1a37dd41, org.springframework.boot.test.mock.mockito.MockitoTestExecutionListener@38302513, org.springframework.boot.test.autoconfigure.SpringBootDependencyInjectionTestExecutionListener@6a3e7cde, org.springframework.test.context.support.DirtiesContextTestExecutionListener@275d69ab, org.springframework.test.context.transaction.TransactionalTestExecutionListener@3a465d4, org.springframework.test.context.jdbc.SqlScriptsTestExecutionListener@3a85c00e, org.springframework.security.test.context.support.WithSecurityContextTestExecutionListener@2344930c, org.springframework.test.context.event.EventPublishingTestExecutionListener@6f98b6fe, org.springframework.security.test.context.support.ReactorContextTestExecutionListener@4f32e41c, org.springframework.boot.test.autoconfigure.restdocs.RestDocsTestExecutionListener@5ba3c844, org.springframework.boot.test.autoconfigure.web.client.MockRestServiceServerResetTestExecutionListener@5c78fccf, org.springframework.boot.test.autoconfigure.web.servlet.MockMvcPrintOnlyOnFailureTestExecutionListener@767d8ef8, org.springframework.boot.test.autoconfigure.web.servlet.WebDriverTestExecutionListener@2e37862f, org.springframework.boot.test.autoconfigure.webservices.client.MockWebServiceServerTestExecutionListener@6b139a45, org.springframework.boot.test.mock.mockito.ResetMocksTestExecutionListener@70968d6c]
11:21:41.056 [Test worker] DEBUG org.springframework.test.context.support.AbstractDirtiesContextTestExecutionListener - Before test class: context [DefaultTestContext@55d12383 testClass = AdminControllerTests, testInstance = [null], testMethod = [null], testException = [null], mergedContextConfiguration = [WebMergedContextConfiguration@1e24a4a0 testClass = AdminControllerTests, locations = '{}', classes = '{class com.example.individualproject.IndividualProjectApplication}', contextInitializerClasses = '[]', activeProfiles = '{}', propertySourceLocations = '{}', propertySourceProperties = '{org.springframework.boot.test.context.SpringBootTestContextBootstrapper=true}', contextCustomizers = set[org.springframework.boot.test.autoconfigure.actuate.metrics.MetricsExportContextCustomizerFactory$DisableMetricExportContextCustomizer@447829c8, org.springframework.boot.test.autoconfigure.properties.PropertyMappingContextCustomizer@0, org.springframework.boot.test.autoconfigure.web.servlet.WebDriverContextCustomizerFactory$Customizer@90d334, org.springframework.boot.test.context.filter.ExcludeFilterContextCustomizer@10359050, org.springframework.boot.test.json.DuplicateJsonObjectContextCustomizerFactory$DuplicateJsonObjectContextCustomizer@61f72705, org.springframework.boot.test.mock.mockito.MockitoContextCustomizer@b6cd91bc, org.springframework.boot.test.web.client.TestRestTemplateContextCustomizer@3a0af29, org.springframework.boot.test.context.SpringBootTestArgs@1, org.springframework.boot.test.context.SpringBootTestWebEnvironment@472355cb], resourceBasePath = 'src/main/webapp', contextLoader = 'org.springframework.boot.test.context.SpringBootContextLoader', parent = [null]], attributes = map['org.springframework.test.context.web.ServletTestExecutionListener.activateListener' -> true]], class annotated with @DirtiesContext [false] with mode [null].
11:21:41.110 [Test worker] DEBUG org.springframework.test.context.support.TestPropertySourceUtils - Adding inlined properties to environment: {spring.jmx.enabled=false, org.springframework.boot.test.context.SpringBootTestContextBootstrapper=true}

  .   ____          _            __ _ _
 /\\ / ___'_ __ _ _(_)_ __  __ _ \ \ \ \
( ( )\___ | '_ | '_| | '_ \/ _` | \ \ \ \
 \\/  ___)| |_)| | | | | || (_| |  ) ) ) )
  '  |____| .__|_| |_|_| |_\__, | / / / /
 =========|_|==============|___/=/_/_/_/
 :: Spring Boot ::                (v2.5.4)

2022-01-18 11:21:41.598  INFO 3616 --- [    Test worker] c.e.i.AdminTests.AdminControllerTests    : Starting AdminControllerTests using Java 11.0.12 on DESKTOP-J8FJ0EB with PID 3616 (started by KristiyanBalev in C:\Users\krist\OneDrive\Desktop\Solo Project\semester-3-individual-task)
2022-01-18 11:21:41.602  INFO 3616 --- [    Test worker] c.e.i.AdminTests.AdminControllerTests    : No active profile set, falling back to default profiles: default
2022-01-18 11:21:48.232  INFO 3616 --- [    Test worker] o.s.s.web.DefaultSecurityFilterChain     : Will secure any request with [org.springframework.security.web.context.request.async.WebAsyncManagerIntegrationFilter@43fe60a7, org.springframework.security.web.context.SecurityContextPersistenceFilter@428ee877, org.springframework.security.web.header.HeaderWriterFilter@15b408ec, org.springframework.web.filter.CorsFilter@6883ca95, org.springframework.security.web.authentication.logout.LogoutFilter@df3b269, com.example.individualproject.Filter.JWTAuthenticationFilter@1f55b6df, com.example.individualproject.Filter.JWTAuthorizationFilter@d916136, org.springframework.security.web.savedrequest.RequestCacheAwareFilter@13035b28, org.springframework.security.web.servletapi.SecurityContextHolderAwareRequestFilter@5ec1316, org.springframework.security.web.authentication.AnonymousAuthenticationFilter@3ddad37b, org.springframework.security.web.session.SessionManagementFilter@731264aa, org.springframework.security.web.access.ExceptionTranslationFilter@5441cb5b, org.springframework.security.web.access.intercept.FilterSecurityInterceptor@753eadfa]
2022-01-18 11:21:49.554  INFO 3616 --- [    Test worker] o.s.m.s.b.SimpleBrokerMessageHandler     : Starting...
2022-01-18 11:21:49.554  INFO 3616 --- [    Test worker] o.s.m.s.b.SimpleBrokerMessageHandler     : BrokerAvailabilityEvent[available=true, SimpleBrokerMessageHandler [org.springframework.messaging.simp.broker.DefaultSubscriptionRegistry@5c0af318]]
2022-01-18 11:21:49.556  INFO 3616 --- [    Test worker] o.s.m.s.b.SimpleBrokerMessageHandler     : Started.
2022-01-18 11:21:49.573  INFO 3616 --- [    Test worker] c.e.i.AdminTests.AdminControllerTests    : Started AdminControllerTests in 8.446 seconds (JVM running for 12.701)
]]></system-out>
  <system-err><![CDATA[]]></system-err>
</testsuite>
