<?xml version="1.0" encoding="UTF-8"?>
<testsuite name="com.example.individualproject.WebSocketsTests.NotificationControllerTests" tests="1" skipped="0" failures="0" errors="0" timestamp="2022-01-18T10:21:59" hostname="DESKTOP-J8FJ0EB" time="0.004">
  <properties/>
  <testcase name="notifyTest()" classname="com.example.individualproject.WebSocketsTests.NotificationControllerTests" time="0.004"/>
  <system-out><![CDATA[2022-01-18 11:21:59.178  INFO 3616 --- [    Test worker] .b.t.c.SpringBootTestContextBootstrapper : Neither @ContextConfiguration nor @ContextHierarchy found for test class [com.example.individualproject.WebSocketsTests.NotificationControllerTests], using SpringBootContextLoader
2022-01-18 11:21:59.179  INFO 3616 --- [    Test worker] o.s.t.c.support.AbstractContextLoader    : Could not detect default resource locations for test class [com.example.individualproject.WebSocketsTests.NotificationControllerTests]: no resource found for suffixes {-context.xml, Context.groovy}.
2022-01-18 11:21:59.180  INFO 3616 --- [    Test worker] t.c.s.AnnotationConfigContextLoaderUtils : Could not detect default configuration classes for test class [com.example.individualproject.WebSocketsTests.NotificationControllerTests]: NotificationControllerTests does not declare any static, non-private, non-final, nested classes annotated with @Configuration.
2022-01-18 11:21:59.180  INFO 3616 --- [    Test worker] .b.t.c.SpringBootTestContextBootstrapper : Found @SpringBootConfiguration com.example.individualproject.IndividualProjectApplication for test class com.example.individualproject.WebSocketsTests.NotificationControllerTests
2022-01-18 11:21:59.182  INFO 3616 --- [    Test worker] .b.t.c.SpringBootTestContextBootstrapper : Loaded default TestExecutionListener class names from location [META-INF/spring.factories]: [org.springframework.security.test.context.support.WithSecurityContextTestExecutionListener, org.springframework.security.test.context.support.ReactorContextTestExecutionListener, org.springframework.boot.test.autoconfigure.restdocs.RestDocsTestExecutionListener, org.springframework.boot.test.autoconfigure.web.client.MockRestServiceServerResetTestExecutionListener, org.springframework.boot.test.autoconfigure.web.servlet.MockMvcPrintOnlyOnFailureTestExecutionListener, org.springframework.boot.test.autoconfigure.web.servlet.WebDriverTestExecutionListener, org.springframework.boot.test.autoconfigure.webservices.client.MockWebServiceServerTestExecutionListener, org.springframework.boot.test.mock.mockito.MockitoTestExecutionListener, org.springframework.boot.test.mock.mockito.ResetMocksTestExecutionListener, org.springframework.test.context.web.ServletTestExecutionListener, org.springframework.test.context.support.DirtiesContextBeforeModesTestExecutionListener, org.springframework.test.context.event.ApplicationEventsTestExecutionListener, org.springframework.test.context.support.DependencyInjectionTestExecutionListener, org.springframework.test.context.support.DirtiesContextTestExecutionListener, org.springframework.test.context.transaction.TransactionalTestExecutionListener, org.springframework.test.context.jdbc.SqlScriptsTestExecutionListener, org.springframework.test.context.event.EventPublishingTestExecutionListener]
2022-01-18 11:21:59.183  INFO 3616 --- [    Test worker] .b.t.c.SpringBootTestContextBootstrapper : Using TestExecutionListeners: [org.springframework.test.context.web.ServletTestExecutionListener@1c6244be, org.springframework.test.context.support.DirtiesContextBeforeModesTestExecutionListener@11aac14d, org.springframework.test.context.event.ApplicationEventsTestExecutionListener@9bd9b83, org.springframework.boot.test.mock.mockito.MockitoTestExecutionListener@59cb4615, org.springframework.boot.test.autoconfigure.SpringBootDependencyInjectionTestExecutionListener@5782be26, org.springframework.test.context.support.DirtiesContextTestExecutionListener@1065bd32, org.springframework.test.context.transaction.TransactionalTestExecutionListener@75615d3e, org.springframework.test.context.jdbc.SqlScriptsTestExecutionListener@76994669, org.springframework.security.test.context.support.WithSecurityContextTestExecutionListener@34a8b512, org.springframework.test.context.event.EventPublishingTestExecutionListener@9191298, org.springframework.security.test.context.support.ReactorContextTestExecutionListener@76ee3628, org.springframework.boot.test.autoconfigure.restdocs.RestDocsTestExecutionListener@4af89c92, org.springframework.boot.test.autoconfigure.web.client.MockRestServiceServerResetTestExecutionListener@3b89a0fa, org.springframework.boot.test.autoconfigure.web.servlet.MockMvcPrintOnlyOnFailureTestExecutionListener@7ac5e8c1, org.springframework.boot.test.autoconfigure.web.servlet.WebDriverTestExecutionListener@7d9dcec7, org.springframework.boot.test.autoconfigure.webservices.client.MockWebServiceServerTestExecutionListener@738fd1ea, org.springframework.boot.test.mock.mockito.ResetMocksTestExecutionListener@5f72111]
]]></system-out>
  <system-err><![CDATA[]]></system-err>
</testsuite>
