<?xml version="1.0" encoding="UTF-8"?>
<testsuite name="com.example.individualproject.ReservationTests.ReservationControllerTests" tests="3" skipped="0" failures="0" errors="0" timestamp="2022-01-18T10:21:55" hostname="DESKTOP-J8FJ0EB" time="0.028">
  <properties/>
  <testcase name="getAllReservations()" classname="com.example.individualproject.ReservationTests.ReservationControllerTests" time="0.015"/>
  <testcase name="createReservation()" classname="com.example.individualproject.ReservationTests.ReservationControllerTests" time="0.005"/>
  <testcase name="getReservationsByUser()" classname="com.example.individualproject.ReservationTests.ReservationControllerTests" time="0.005"/>
  <system-out><![CDATA[2022-01-18 11:21:54.293  INFO 3616 --- [    Test worker] .b.t.c.SpringBootTestContextBootstrapper : Neither @ContextConfiguration nor @ContextHierarchy found for test class [com.example.individualproject.ReservationTests.ReservationControllerTests], using SpringBootContextLoader
2022-01-18 11:21:54.294  INFO 3616 --- [    Test worker] o.s.t.c.support.AbstractContextLoader    : Could not detect default resource locations for test class [com.example.individualproject.ReservationTests.ReservationControllerTests]: no resource found for suffixes {-context.xml, Context.groovy}.
2022-01-18 11:21:54.295  INFO 3616 --- [    Test worker] t.c.s.AnnotationConfigContextLoaderUtils : Could not detect default configuration classes for test class [com.example.individualproject.ReservationTests.ReservationControllerTests]: ReservationControllerTests does not declare any static, non-private, non-final, nested classes annotated with @Configuration.
2022-01-18 11:21:54.302  INFO 3616 --- [    Test worker] .b.t.c.SpringBootTestContextBootstrapper : Found @SpringBootConfiguration com.example.individualproject.IndividualProjectApplication for test class com.example.individualproject.ReservationTests.ReservationControllerTests
2022-01-18 11:21:54.305  INFO 3616 --- [    Test worker] .b.t.c.SpringBootTestContextBootstrapper : Loaded default TestExecutionListener class names from location [META-INF/spring.factories]: [org.springframework.security.test.context.support.WithSecurityContextTestExecutionListener, org.springframework.security.test.context.support.ReactorContextTestExecutionListener, org.springframework.boot.test.autoconfigure.restdocs.RestDocsTestExecutionListener, org.springframework.boot.test.autoconfigure.web.client.MockRestServiceServerResetTestExecutionListener, org.springframework.boot.test.autoconfigure.web.servlet.MockMvcPrintOnlyOnFailureTestExecutionListener, org.springframework.boot.test.autoconfigure.web.servlet.WebDriverTestExecutionListener, org.springframework.boot.test.autoconfigure.webservices.client.MockWebServiceServerTestExecutionListener, org.springframework.boot.test.mock.mockito.MockitoTestExecutionListener, org.springframework.boot.test.mock.mockito.ResetMocksTestExecutionListener, org.springframework.test.context.web.ServletTestExecutionListener, org.springframework.test.context.support.DirtiesContextBeforeModesTestExecutionListener, org.springframework.test.context.event.ApplicationEventsTestExecutionListener, org.springframework.test.context.support.DependencyInjectionTestExecutionListener, org.springframework.test.context.support.DirtiesContextTestExecutionListener, org.springframework.test.context.transaction.TransactionalTestExecutionListener, org.springframework.test.context.jdbc.SqlScriptsTestExecutionListener, org.springframework.test.context.event.EventPublishingTestExecutionListener]
2022-01-18 11:21:54.306  INFO 3616 --- [    Test worker] .b.t.c.SpringBootTestContextBootstrapper : Using TestExecutionListeners: [org.springframework.test.context.web.ServletTestExecutionListener@348b43c2, org.springframework.test.context.support.DirtiesContextBeforeModesTestExecutionListener@34727558, org.springframework.test.context.event.ApplicationEventsTestExecutionListener@7613ee73, org.springframework.boot.test.mock.mockito.MockitoTestExecutionListener@13faa77d, org.springframework.boot.test.autoconfigure.SpringBootDependencyInjectionTestExecutionListener@7d017393, org.springframework.test.context.support.DirtiesContextTestExecutionListener@5afe01de, org.springframework.test.context.transaction.TransactionalTestExecutionListener@33770c84, org.springframework.test.context.jdbc.SqlScriptsTestExecutionListener@75f084d8, org.springframework.security.test.context.support.WithSecurityContextTestExecutionListener@39bfc1e, org.springframework.test.context.event.EventPublishingTestExecutionListener@2941ed42, org.springframework.security.test.context.support.ReactorContextTestExecutionListener@22d9c7c2, org.springframework.boot.test.autoconfigure.restdocs.RestDocsTestExecutionListener@53fe5105, org.springframework.boot.test.autoconfigure.web.client.MockRestServiceServerResetTestExecutionListener@fd93c68, org.springframework.boot.test.autoconfigure.web.servlet.MockMvcPrintOnlyOnFailureTestExecutionListener@2954fb2c, org.springframework.boot.test.autoconfigure.web.servlet.WebDriverTestExecutionListener@455fce13, org.springframework.boot.test.autoconfigure.webservices.client.MockWebServiceServerTestExecutionListener@6408d9c4, org.springframework.boot.test.mock.mockito.ResetMocksTestExecutionListener@22748351]

  .   ____          _            __ _ _
 /\\ / ___'_ __ _ _(_)_ __  __ _ \ \ \ \
( ( )\___ | '_ | '_| | '_ \/ _` | \ \ \ \
 \\/  ___)| |_)| | | | | || (_| |  ) ) ) )
  '  |____| .__|_| |_|_| |_\__, | / / / /
 =========|_|==============|___/=/_/_/_/
 :: Spring Boot ::                (v2.5.4)

2022-01-18 11:21:54.331  INFO 3616 --- [    Test worker] c.e.i.R.ReservationControllerTests       : Starting ReservationControllerTests using Java 11.0.12 on DESKTOP-J8FJ0EB with PID 3616 (started by KristiyanBalev in C:\Users\krist\OneDrive\Desktop\Solo Project\semester-3-individual-task)
2022-01-18 11:21:54.332  INFO 3616 --- [    Test worker] c.e.i.R.ReservationControllerTests       : No active profile set, falling back to default profiles: default
2022-01-18 11:21:54.986  INFO 3616 --- [    Test worker] o.s.s.web.DefaultSecurityFilterChain     : Will secure any request with [org.springframework.security.web.context.request.async.WebAsyncManagerIntegrationFilter@3045fd99, org.springframework.security.web.context.SecurityContextPersistenceFilter@1c611171, org.springframework.security.web.header.HeaderWriterFilter@665dab6a, org.springframework.web.filter.CorsFilter@378ceac6, org.springframework.security.web.authentication.logout.LogoutFilter@39956ac, com.example.individualproject.Filter.JWTAuthenticationFilter@254be2c1, com.example.individualproject.Filter.JWTAuthorizationFilter@4f1b37b4, org.springframework.security.web.savedrequest.RequestCacheAwareFilter@59922f4d, org.springframework.security.web.servletapi.SecurityContextHolderAwareRequestFilter@529fc9ee, org.springframework.security.web.authentication.AnonymousAuthenticationFilter@502da2fb, org.springframework.security.web.session.SessionManagementFilter@5c7329dc, org.springframework.security.web.access.ExceptionTranslationFilter@1babd3bb, org.springframework.security.web.access.intercept.FilterSecurityInterceptor@70a35337]
2022-01-18 11:21:55.286  INFO 3616 --- [    Test worker] o.s.m.s.b.SimpleBrokerMessageHandler     : Starting...
2022-01-18 11:21:55.287  INFO 3616 --- [    Test worker] o.s.m.s.b.SimpleBrokerMessageHandler     : BrokerAvailabilityEvent[available=true, SimpleBrokerMessageHandler [org.springframework.messaging.simp.broker.DefaultSubscriptionRegistry@707feda6]]
2022-01-18 11:21:55.287  INFO 3616 --- [    Test worker] o.s.m.s.b.SimpleBrokerMessageHandler     : Started.
2022-01-18 11:21:55.289  INFO 3616 --- [    Test worker] c.e.i.R.ReservationControllerTests       : Started ReservationControllerTests in 0.981 seconds (JVM running for 18.417)
]]></system-out>
  <system-err><![CDATA[]]></system-err>
</testsuite>
