<?xml version="1.0" encoding="UTF-8"?>
<testsuite name="com.example.individualproject.IndividualProjectApplicationTests" tests="1" skipped="0" failures="0" errors="0" timestamp="2022-01-09T22:18:31" hostname="DESKTOP-J8FJ0EB" time="0.431">
  <properties/>
  <testcase name="contextLoads()" classname="com.example.individualproject.IndividualProjectApplicationTests" time="0.431"/>
  <system-out><![CDATA[23:18:27.557 [Test worker] DEBUG org.springframework.test.context.BootstrapUtils - Instantiating CacheAwareContextLoaderDelegate from class [org.springframework.test.context.cache.DefaultCacheAwareContextLoaderDelegate]
23:18:27.570 [Test worker] DEBUG org.springframework.test.context.BootstrapUtils - Instantiating BootstrapContext using constructor [public org.springframework.test.context.support.DefaultBootstrapContext(java.lang.Class,org.springframework.test.context.CacheAwareContextLoaderDelegate)]
23:18:27.612 [Test worker] DEBUG org.springframework.test.context.BootstrapUtils - Instantiating TestContextBootstrapper for test class [com.example.individualproject.IndividualProjectApplicationTests] from class [org.springframework.boot.test.context.SpringBootTestContextBootstrapper]
23:18:27.625 [Test worker] INFO org.springframework.boot.test.context.SpringBootTestContextBootstrapper - Neither @ContextConfiguration nor @ContextHierarchy found for test class [com.example.individualproject.IndividualProjectApplicationTests], using SpringBootContextLoader
23:18:27.629 [Test worker] DEBUG org.springframework.test.context.support.AbstractContextLoader - Did not detect default resource location for test class [com.example.individualproject.IndividualProjectApplicationTests]: class path resource [com/example/individualproject/IndividualProjectApplicationTests-context.xml] does not exist
23:18:27.629 [Test worker] DEBUG org.springframework.test.context.support.AbstractContextLoader - Did not detect default resource location for test class [com.example.individualproject.IndividualProjectApplicationTests]: class path resource [com/example/individualproject/IndividualProjectApplicationTestsContext.groovy] does not exist
23:18:27.629 [Test worker] INFO org.springframework.test.context.support.AbstractContextLoader - Could not detect default resource locations for test class [com.example.individualproject.IndividualProjectApplicationTests]: no resource found for suffixes {-context.xml, Context.groovy}.
23:18:27.630 [Test worker] INFO org.springframework.test.context.support.AnnotationConfigContextLoaderUtils - Could not detect default configuration classes for test class [com.example.individualproject.IndividualProjectApplicationTests]: IndividualProjectApplicationTests does not declare any static, non-private, non-final, nested classes annotated with @Configuration.
23:18:27.686 [Test worker] DEBUG org.springframework.test.context.support.ActiveProfilesUtils - Could not find an 'annotation declaring class' for annotation type [org.springframework.test.context.ActiveProfiles] and class [com.example.individualproject.IndividualProjectApplicationTests]
23:18:27.764 [Test worker] DEBUG org.springframework.context.annotation.ClassPathScanningCandidateComponentProvider - Identified candidate component class: file [C:\Users\krist\OneDrive\Desktop\Solo Project\semester-3-individual-task\build\classes\java\main\com\example\individualproject\IndividualProjectApplication.class]
23:18:27.766 [Test worker] INFO org.springframework.boot.test.context.SpringBootTestContextBootstrapper - Found @SpringBootConfiguration com.example.individualproject.IndividualProjectApplication for test class com.example.individualproject.IndividualProjectApplicationTests
23:18:27.890 [Test worker] DEBUG org.springframework.boot.test.context.SpringBootTestContextBootstrapper - @TestExecutionListeners is not present for class [com.example.individualproject.IndividualProjectApplicationTests]: using defaults.
23:18:27.891 [Test worker] INFO org.springframework.boot.test.context.SpringBootTestContextBootstrapper - Loaded default TestExecutionListener class names from location [META-INF/spring.factories]: [org.springframework.boot.test.autoconfigure.restdocs.RestDocsTestExecutionListener, org.springframework.boot.test.autoconfigure.web.client.MockRestServiceServerResetTestExecutionListener, org.springframework.boot.test.autoconfigure.web.servlet.MockMvcPrintOnlyOnFailureTestExecutionListener, org.springframework.boot.test.autoconfigure.web.servlet.WebDriverTestExecutionListener, org.springframework.boot.test.autoconfigure.webservices.client.MockWebServiceServerTestExecutionListener, org.springframework.boot.test.mock.mockito.MockitoTestExecutionListener, org.springframework.boot.test.mock.mockito.ResetMocksTestExecutionListener, org.springframework.test.context.web.ServletTestExecutionListener, org.springframework.test.context.support.DirtiesContextBeforeModesTestExecutionListener, org.springframework.test.context.event.ApplicationEventsTestExecutionListener, org.springframework.test.context.support.DependencyInjectionTestExecutionListener, org.springframework.test.context.support.DirtiesContextTestExecutionListener, org.springframework.test.context.transaction.TransactionalTestExecutionListener, org.springframework.test.context.jdbc.SqlScriptsTestExecutionListener, org.springframework.test.context.event.EventPublishingTestExecutionListener]
23:18:27.918 [Test worker] INFO org.springframework.boot.test.context.SpringBootTestContextBootstrapper - Using TestExecutionListeners: [org.springframework.test.context.web.ServletTestExecutionListener@62da83ed, org.springframework.test.context.support.DirtiesContextBeforeModesTestExecutionListener@5d8445d7, org.springframework.test.context.event.ApplicationEventsTestExecutionListener@37d80fe7, org.springframework.boot.test.mock.mockito.MockitoTestExecutionListener@384fc774, org.springframework.boot.test.autoconfigure.SpringBootDependencyInjectionTestExecutionListener@e3cee7b, org.springframework.test.context.support.DirtiesContextTestExecutionListener@71e9a896, org.springframework.test.context.transaction.TransactionalTestExecutionListener@6b9267b, org.springframework.test.context.jdbc.SqlScriptsTestExecutionListener@408b35bf, org.springframework.test.context.event.EventPublishingTestExecutionListener@29ad44e3, org.springframework.boot.test.autoconfigure.restdocs.RestDocsTestExecutionListener@15bcf458, org.springframework.boot.test.autoconfigure.web.client.MockRestServiceServerResetTestExecutionListener@5af9926a, org.springframework.boot.test.autoconfigure.web.servlet.MockMvcPrintOnlyOnFailureTestExecutionListener@43c67247, org.springframework.boot.test.autoconfigure.web.servlet.WebDriverTestExecutionListener@fac80, org.springframework.boot.test.autoconfigure.webservices.client.MockWebServiceServerTestExecutionListener@726386ed, org.springframework.boot.test.mock.mockito.ResetMocksTestExecutionListener@649f2009]
23:18:27.923 [Test worker] DEBUG org.springframework.test.context.support.AbstractDirtiesContextTestExecutionListener - Before test class: context [DefaultTestContext@1c25b8a7 testClass = IndividualProjectApplicationTests, testInstance = [null], testMethod = [null], testException = [null], mergedContextConfiguration = [WebMergedContextConfiguration@200606de testClass = IndividualProjectApplicationTests, locations = '{}', classes = '{class com.example.individualproject.IndividualProjectApplication}', contextInitializerClasses = '[]', activeProfiles = '{}', propertySourceLocations = '{}', propertySourceProperties = '{org.springframework.boot.test.context.SpringBootTestContextBootstrapper=true}', contextCustomizers = set[org.springframework.boot.test.autoconfigure.actuate.metrics.MetricsExportContextCustomizerFactory$DisableMetricExportContextCustomizer@4795ded0, org.springframework.boot.test.autoconfigure.properties.PropertyMappingContextCustomizer@0, org.springframework.boot.test.autoconfigure.web.servlet.WebDriverContextCustomizerFactory$Customizer@4bc28c33, org.springframework.boot.test.context.filter.ExcludeFilterContextCustomizer@7ec3394b, org.springframework.boot.test.json.DuplicateJsonObjectContextCustomizerFactory$DuplicateJsonObjectContextCustomizer@312ab28e, org.springframework.boot.test.mock.mockito.MockitoContextCustomizer@0, org.springframework.boot.test.web.client.TestRestTemplateContextCustomizer@1e7aa82b, org.springframework.boot.test.context.SpringBootTestArgs@1, org.springframework.boot.test.context.SpringBootTestWebEnvironment@41488b16], resourceBasePath = 'src/main/webapp', contextLoader = 'org.springframework.boot.test.context.SpringBootContextLoader', parent = [null]], attributes = map['org.springframework.test.context.web.ServletTestExecutionListener.activateListener' -> true]], class annotated with @DirtiesContext [false] with mode [null].
23:18:27.960 [Test worker] DEBUG org.springframework.test.context.support.TestPropertySourceUtils - Adding inlined properties to environment: {spring.jmx.enabled=false, org.springframework.boot.test.context.SpringBootTestContextBootstrapper=true}

  .   ____          _            __ _ _
 /\\ / ___'_ __ _ _(_)_ __  __ _ \ \ \ \
( ( )\___ | '_ | '_| | '_ \/ _` | \ \ \ \
 \\/  ___)| |_)| | | | | || (_| |  ) ) ) )
  '  |____| .__|_| |_|_| |_\__, | / / / /
 =========|_|==============|___/=/_/_/_/
 :: Spring Boot ::                (v2.5.4)

2022-01-09 23:18:28.282  INFO 19692 --- [    Test worker] c.e.i.IndividualProjectApplicationTests  : Starting IndividualProjectApplicationTests using Java 11.0.12 on DESKTOP-J8FJ0EB with PID 19692 (started by KristiyanBalev in C:\Users\krist\OneDrive\Desktop\Solo Project\semester-3-individual-task)
2022-01-09 23:18:28.285  INFO 19692 --- [    Test worker] c.e.i.IndividualProjectApplicationTests  : No active profile set, falling back to default profiles: default
2022-01-09 23:18:30.673  INFO 19692 --- [    Test worker] o.s.s.web.DefaultSecurityFilterChain     : Will secure any request with [org.springframework.security.web.context.request.async.WebAsyncManagerIntegrationFilter@2c06b113, org.springframework.security.web.context.SecurityContextPersistenceFilter@521441d5, org.springframework.security.web.header.HeaderWriterFilter@33a8c9c9, org.springframework.web.filter.CorsFilter@7a64cb0c, org.springframework.security.web.authentication.logout.LogoutFilter@6e8fdd19, com.example.individualproject.Filter.JWTAuthenticationFilter@785ed99c, com.example.individualproject.Filter.JWTAuthorizationFilter@6c4ce583, org.springframework.security.web.savedrequest.RequestCacheAwareFilter@3fdcde7a, org.springframework.security.web.servletapi.SecurityContextHolderAwareRequestFilter@6b37df8e, org.springframework.security.web.authentication.AnonymousAuthenticationFilter@755b5f30, org.springframework.security.web.session.SessionManagementFilter@510689af, org.springframework.security.web.access.ExceptionTranslationFilter@1ab14636, org.springframework.security.web.access.intercept.FilterSecurityInterceptor@511da44f]
2022-01-09 23:18:31.385  INFO 19692 --- [    Test worker] o.s.m.s.b.SimpleBrokerMessageHandler     : Starting...
2022-01-09 23:18:31.386  INFO 19692 --- [    Test worker] o.s.m.s.b.SimpleBrokerMessageHandler     : BrokerAvailabilityEvent[available=true, SimpleBrokerMessageHandler [org.springframework.messaging.simp.broker.DefaultSubscriptionRegistry@45d7495e]]
2022-01-09 23:18:31.388  INFO 19692 --- [    Test worker] o.s.m.s.b.SimpleBrokerMessageHandler     : Started.
2022-01-09 23:18:31.400  INFO 19692 --- [    Test worker] c.e.i.IndividualProjectApplicationTests  : Started IndividualProjectApplicationTests in 3.432 seconds (JVM running for 4.845)
]]></system-out>
  <system-err><![CDATA[]]></system-err>
</testsuite>
