<?xml version="1.0" encoding="UTF-8"?>
<testsuite name="com.example.individualproject.MovieTests.MovieServiceUnitTests" tests="11" skipped="0" failures="0" errors="0" timestamp="2022-01-18T10:21:54" hostname="DESKTOP-J8FJ0EB" time="0.087">
  <properties/>
  <testcase name="editMovie()" classname="com.example.individualproject.MovieTests.MovieServiceUnitTests" time="0.008"/>
  <testcase name="addMovie()" classname="com.example.individualproject.MovieTests.MovieServiceUnitTests" time="0.008"/>
  <testcase name="returnAllMoviesWhenNull()" classname="com.example.individualproject.MovieTests.MovieServiceUnitTests" time="0.006"/>
  <testcase name="returnMovieById()" classname="com.example.individualproject.MovieTests.MovieServiceUnitTests" time="0.006"/>
  <testcase name="removeMovie()" classname="com.example.individualproject.MovieTests.MovieServiceUnitTests" time="0.005"/>
  <testcase name="returnPosterOfMovieById()" classname="com.example.individualproject.MovieTests.MovieServiceUnitTests" time="0.006"/>
  <testcase name="addTrailer()" classname="com.example.individualproject.MovieTests.MovieServiceUnitTests" time="0.006"/>
  <testcase name="returnTrailerByMovieId()" classname="com.example.individualproject.MovieTests.MovieServiceUnitTests" time="0.006"/>
  <testcase name="returnAllMovies()" classname="com.example.individualproject.MovieTests.MovieServiceUnitTests" time="0.005"/>
  <testcase name="returnMovieByIdWhenNull()" classname="com.example.individualproject.MovieTests.MovieServiceUnitTests" time="0.012"/>
  <testcase name="returnPhotoOfMovieByID()" classname="com.example.individualproject.MovieTests.MovieServiceUnitTests" time="0.004"/>
  <system-out><![CDATA[2022-01-18 11:21:52.938  INFO 3616 --- [    Test worker] .b.t.c.SpringBootTestContextBootstrapper : Neither @ContextConfiguration nor @ContextHierarchy found for test class [com.example.individualproject.MovieTests.MovieServiceUnitTests], using SpringBootContextLoader
2022-01-18 11:21:52.939  INFO 3616 --- [    Test worker] o.s.t.c.support.AbstractContextLoader    : Could not detect default resource locations for test class [com.example.individualproject.MovieTests.MovieServiceUnitTests]: no resource found for suffixes {-context.xml, Context.groovy}.
2022-01-18 11:21:52.940  INFO 3616 --- [    Test worker] t.c.s.AnnotationConfigContextLoaderUtils : Could not detect default configuration classes for test class [com.example.individualproject.MovieTests.MovieServiceUnitTests]: MovieServiceUnitTests does not declare any static, non-private, non-final, nested classes annotated with @Configuration.
2022-01-18 11:21:52.942  INFO 3616 --- [    Test worker] .b.t.c.SpringBootTestContextBootstrapper : Found @SpringBootConfiguration com.example.individualproject.IndividualProjectApplication for test class com.example.individualproject.MovieTests.MovieServiceUnitTests
2022-01-18 11:21:52.944  INFO 3616 --- [    Test worker] .b.t.c.SpringBootTestContextBootstrapper : Loaded default TestExecutionListener class names from location [META-INF/spring.factories]: [org.springframework.security.test.context.support.WithSecurityContextTestExecutionListener, org.springframework.security.test.context.support.ReactorContextTestExecutionListener, org.springframework.boot.test.autoconfigure.restdocs.RestDocsTestExecutionListener, org.springframework.boot.test.autoconfigure.web.client.MockRestServiceServerResetTestExecutionListener, org.springframework.boot.test.autoconfigure.web.servlet.MockMvcPrintOnlyOnFailureTestExecutionListener, org.springframework.boot.test.autoconfigure.web.servlet.WebDriverTestExecutionListener, org.springframework.boot.test.autoconfigure.webservices.client.MockWebServiceServerTestExecutionListener, org.springframework.boot.test.mock.mockito.MockitoTestExecutionListener, org.springframework.boot.test.mock.mockito.ResetMocksTestExecutionListener, org.springframework.test.context.web.ServletTestExecutionListener, org.springframework.test.context.support.DirtiesContextBeforeModesTestExecutionListener, org.springframework.test.context.event.ApplicationEventsTestExecutionListener, org.springframework.test.context.support.DependencyInjectionTestExecutionListener, org.springframework.test.context.support.DirtiesContextTestExecutionListener, org.springframework.test.context.transaction.TransactionalTestExecutionListener, org.springframework.test.context.jdbc.SqlScriptsTestExecutionListener, org.springframework.test.context.event.EventPublishingTestExecutionListener]
2022-01-18 11:21:52.945  INFO 3616 --- [    Test worker] .b.t.c.SpringBootTestContextBootstrapper : Using TestExecutionListeners: [org.springframework.test.context.web.ServletTestExecutionListener@75c70782, org.springframework.test.context.support.DirtiesContextBeforeModesTestExecutionListener@26429f9f, org.springframework.test.context.event.ApplicationEventsTestExecutionListener@66da40f6, org.springframework.boot.test.mock.mockito.MockitoTestExecutionListener@638ae69a, org.springframework.boot.test.autoconfigure.SpringBootDependencyInjectionTestExecutionListener@2e3c167e, org.springframework.test.context.support.DirtiesContextTestExecutionListener@1c30da41, org.springframework.test.context.transaction.TransactionalTestExecutionListener@2859f4c1, org.springframework.test.context.jdbc.SqlScriptsTestExecutionListener@1c536966, org.springframework.security.test.context.support.WithSecurityContextTestExecutionListener@52920374, org.springframework.test.context.event.EventPublishingTestExecutionListener@48ea39b5, org.springframework.security.test.context.support.ReactorContextTestExecutionListener@2f722395, org.springframework.boot.test.autoconfigure.restdocs.RestDocsTestExecutionListener@28ed7744, org.springframework.boot.test.autoconfigure.web.client.MockRestServiceServerResetTestExecutionListener@6aa6588e, org.springframework.boot.test.autoconfigure.web.servlet.MockMvcPrintOnlyOnFailureTestExecutionListener@7318f3fe, org.springframework.boot.test.autoconfigure.web.servlet.WebDriverTestExecutionListener@4d481883, org.springframework.boot.test.autoconfigure.webservices.client.MockWebServiceServerTestExecutionListener@e5c1139, org.springframework.boot.test.mock.mockito.ResetMocksTestExecutionListener@56e65a54]

  .   ____          _            __ _ _
 /\\ / ___'_ __ _ _(_)_ __  __ _ \ \ \ \
( ( )\___ | '_ | '_| | '_ \/ _` | \ \ \ \
 \\/  ___)| |_)| | | | | || (_| |  ) ) ) )
  '  |____| .__|_| |_|_| |_\__, | / / / /
 =========|_|==============|___/=/_/_/_/
 :: Spring Boot ::                (v2.5.4)

2022-01-18 11:21:52.972  INFO 3616 --- [    Test worker] c.e.i.MovieTests.MovieServiceUnitTests   : Starting MovieServiceUnitTests using Java 11.0.12 on DESKTOP-J8FJ0EB with PID 3616 (started by KristiyanBalev in C:\Users\krist\OneDrive\Desktop\Solo Project\semester-3-individual-task)
2022-01-18 11:21:52.973  INFO 3616 --- [    Test worker] c.e.i.MovieTests.MovieServiceUnitTests   : No active profile set, falling back to default profiles: default
2022-01-18 11:21:53.884  INFO 3616 --- [    Test worker] o.s.s.web.DefaultSecurityFilterChain     : Will secure any request with [org.springframework.security.web.context.request.async.WebAsyncManagerIntegrationFilter@9d5effd, org.springframework.security.web.context.SecurityContextPersistenceFilter@2730384b, org.springframework.security.web.header.HeaderWriterFilter@705f0ff3, org.springframework.web.filter.CorsFilter@7ddef7c7, org.springframework.security.web.authentication.logout.LogoutFilter@146aa970, com.example.individualproject.Filter.JWTAuthenticationFilter@4147af5e, com.example.individualproject.Filter.JWTAuthorizationFilter@27b61d83, org.springframework.security.web.savedrequest.RequestCacheAwareFilter@37cd41f5, org.springframework.security.web.servletapi.SecurityContextHolderAwareRequestFilter@3f65f068, org.springframework.security.web.authentication.AnonymousAuthenticationFilter@13ab48f, org.springframework.security.web.session.SessionManagementFilter@18b2ac94, org.springframework.security.web.access.ExceptionTranslationFilter@4e6bd0c8, org.springframework.security.web.access.intercept.FilterSecurityInterceptor@29f9edd8]
2022-01-18 11:21:54.194  INFO 3616 --- [    Test worker] o.s.m.s.b.SimpleBrokerMessageHandler     : Starting...
2022-01-18 11:21:54.194  INFO 3616 --- [    Test worker] o.s.m.s.b.SimpleBrokerMessageHandler     : BrokerAvailabilityEvent[available=true, SimpleBrokerMessageHandler [org.springframework.messaging.simp.broker.DefaultSubscriptionRegistry@19a59076]]
2022-01-18 11:21:54.195  INFO 3616 --- [    Test worker] o.s.m.s.b.SimpleBrokerMessageHandler     : Started.
2022-01-18 11:21:54.197  INFO 3616 --- [    Test worker] c.e.i.MovieTests.MovieServiceUnitTests   : Started MovieServiceUnitTests in 1.248 seconds (JVM running for 17.325)
]]></system-out>
  <system-err><![CDATA[]]></system-err>
</testsuite>
