<?xml version="1.0" encoding="UTF-8"?>
<testsuite name="com.example.individualproject.ReservationTests.ReservationControllerTests" tests="3" skipped="0" failures="0" errors="0" timestamp="2022-01-21T16:19:32" hostname="DESKTOP-J8FJ0EB" time="0.026">
  <properties/>
  <testcase name="getAllReservations()" classname="com.example.individualproject.ReservationTests.ReservationControllerTests" time="0.015"/>
  <testcase name="createReservation()" classname="com.example.individualproject.ReservationTests.ReservationControllerTests" time="0.004"/>
  <testcase name="getReservationsByUser()" classname="com.example.individualproject.ReservationTests.ReservationControllerTests" time="0.005"/>
  <system-out><![CDATA[2022-01-21 17:19:31.613  INFO 13200 --- [    Test worker] .b.t.c.SpringBootTestContextBootstrapper : Neither @ContextConfiguration nor @ContextHierarchy found for test class [com.example.individualproject.ReservationTests.ReservationControllerTests], using SpringBootContextLoader
2022-01-21 17:19:31.614  INFO 13200 --- [    Test worker] o.s.t.c.support.AbstractContextLoader    : Could not detect default resource locations for test class [com.example.individualproject.ReservationTests.ReservationControllerTests]: no resource found for suffixes {-context.xml, Context.groovy}.
2022-01-21 17:19:31.615  INFO 13200 --- [    Test worker] t.c.s.AnnotationConfigContextLoaderUtils : Could not detect default configuration classes for test class [com.example.individualproject.ReservationTests.ReservationControllerTests]: ReservationControllerTests does not declare any static, non-private, non-final, nested classes annotated with @Configuration.
2022-01-21 17:19:31.622  INFO 13200 --- [    Test worker] .b.t.c.SpringBootTestContextBootstrapper : Found @SpringBootConfiguration com.example.individualproject.IndividualProjectApplication for test class com.example.individualproject.ReservationTests.ReservationControllerTests
2022-01-21 17:19:31.624  INFO 13200 --- [    Test worker] .b.t.c.SpringBootTestContextBootstrapper : Loaded default TestExecutionListener class names from location [META-INF/spring.factories]: [org.springframework.security.test.context.support.WithSecurityContextTestExecutionListener, org.springframework.security.test.context.support.ReactorContextTestExecutionListener, org.springframework.boot.test.autoconfigure.restdocs.RestDocsTestExecutionListener, org.springframework.boot.test.autoconfigure.web.client.MockRestServiceServerResetTestExecutionListener, org.springframework.boot.test.autoconfigure.web.servlet.MockMvcPrintOnlyOnFailureTestExecutionListener, org.springframework.boot.test.autoconfigure.web.servlet.WebDriverTestExecutionListener, org.springframework.boot.test.autoconfigure.webservices.client.MockWebServiceServerTestExecutionListener, org.springframework.boot.test.mock.mockito.MockitoTestExecutionListener, org.springframework.boot.test.mock.mockito.ResetMocksTestExecutionListener, org.springframework.test.context.web.ServletTestExecutionListener, org.springframework.test.context.support.DirtiesContextBeforeModesTestExecutionListener, org.springframework.test.context.event.ApplicationEventsTestExecutionListener, org.springframework.test.context.support.DependencyInjectionTestExecutionListener, org.springframework.test.context.support.DirtiesContextTestExecutionListener, org.springframework.test.context.transaction.TransactionalTestExecutionListener, org.springframework.test.context.jdbc.SqlScriptsTestExecutionListener, org.springframework.test.context.event.EventPublishingTestExecutionListener]
2022-01-21 17:19:31.625  INFO 13200 --- [    Test worker] .b.t.c.SpringBootTestContextBootstrapper : Using TestExecutionListeners: [org.springframework.test.context.web.ServletTestExecutionListener@41369bac, org.springframework.test.context.support.DirtiesContextBeforeModesTestExecutionListener@5d374d53, org.springframework.test.context.event.ApplicationEventsTestExecutionListener@434478ce, org.springframework.boot.test.mock.mockito.MockitoTestExecutionListener@4112d078, org.springframework.boot.test.autoconfigure.SpringBootDependencyInjectionTestExecutionListener@348cc80d, org.springframework.test.context.support.DirtiesContextTestExecutionListener@53b6461a, org.springframework.test.context.transaction.TransactionalTestExecutionListener@33d4c6aa, org.springframework.test.context.jdbc.SqlScriptsTestExecutionListener@649251b8, org.springframework.security.test.context.support.WithSecurityContextTestExecutionListener@360c3187, org.springframework.test.context.event.EventPublishingTestExecutionListener@576b27ca, org.springframework.security.test.context.support.ReactorContextTestExecutionListener@429f4a1b, org.springframework.boot.test.autoconfigure.restdocs.RestDocsTestExecutionListener@3476dc61, org.springframework.boot.test.autoconfigure.web.client.MockRestServiceServerResetTestExecutionListener@63a15361, org.springframework.boot.test.autoconfigure.web.servlet.MockMvcPrintOnlyOnFailureTestExecutionListener@6d7a7da8, org.springframework.boot.test.autoconfigure.web.servlet.WebDriverTestExecutionListener@558d3d8e, org.springframework.boot.test.autoconfigure.webservices.client.MockWebServiceServerTestExecutionListener@579a668a, org.springframework.boot.test.mock.mockito.ResetMocksTestExecutionListener@3ec90d43]

  .   ____          _            __ _ _
 /\\ / ___'_ __ _ _(_)_ __  __ _ \ \ \ \
( ( )\___ | '_ | '_| | '_ \/ _` | \ \ \ \
 \\/  ___)| |_)| | | | | || (_| |  ) ) ) )
  '  |____| .__|_| |_|_| |_\__, | / / / /
 =========|_|==============|___/=/_/_/_/
 :: Spring Boot ::                (v2.5.4)

2022-01-21 17:19:31.650  INFO 13200 --- [    Test worker] c.e.i.R.ReservationControllerTests       : Starting ReservationControllerTests using Java 11.0.12 on DESKTOP-J8FJ0EB with PID 13200 (started by KristiyanBalev in C:\Users\krist\OneDrive\Desktop\Solo Project\semester-3-individual-task)
2022-01-21 17:19:31.651  INFO 13200 --- [    Test worker] c.e.i.R.ReservationControllerTests       : No active profile set, falling back to default profiles: default
2022-01-21 17:19:32.288  INFO 13200 --- [    Test worker] o.s.s.web.DefaultSecurityFilterChain     : Will secure any request with [org.springframework.security.web.context.request.async.WebAsyncManagerIntegrationFilter@133f4a, org.springframework.security.web.context.SecurityContextPersistenceFilter@37018978, org.springframework.security.web.header.HeaderWriterFilter@65c510f6, org.springframework.web.filter.CorsFilter@c10064f, org.springframework.security.web.authentication.logout.LogoutFilter@4197d442, com.example.individualproject.Filter.JWTAuthenticationFilter@44dfdd7c, com.example.individualproject.Filter.JWTAuthorizationFilter@6b1c403a, org.springframework.security.web.savedrequest.RequestCacheAwareFilter@59d99324, org.springframework.security.web.servletapi.SecurityContextHolderAwareRequestFilter@14566a49, org.springframework.security.web.authentication.AnonymousAuthenticationFilter@726ccb7c, org.springframework.security.web.session.SessionManagementFilter@3daa6e82, org.springframework.security.web.access.ExceptionTranslationFilter@5ae68a06, org.springframework.security.web.access.intercept.FilterSecurityInterceptor@252159a4]
2022-01-21 17:19:32.550  INFO 13200 --- [    Test worker] o.s.m.s.b.SimpleBrokerMessageHandler     : Starting...
2022-01-21 17:19:32.550  INFO 13200 --- [    Test worker] o.s.m.s.b.SimpleBrokerMessageHandler     : BrokerAvailabilityEvent[available=true, SimpleBrokerMessageHandler [org.springframework.messaging.simp.broker.DefaultSubscriptionRegistry@6d5c8ca5]]
2022-01-21 17:19:32.550  INFO 13200 --- [    Test worker] o.s.m.s.b.SimpleBrokerMessageHandler     : Started.
2022-01-21 17:19:32.555  INFO 13200 --- [    Test worker] c.e.i.R.ReservationControllerTests       : Started ReservationControllerTests in 0.927 seconds (JVM running for 11.741)
]]></system-out>
  <system-err><![CDATA[]]></system-err>
</testsuite>
