<?xml version="1.0" encoding="UTF-8"?>
<testsuite name="com.example.individualproject.WebSocketsTests.BroadcastControllerTesting" tests="1" skipped="0" failures="0" errors="0" timestamp="2022-01-21T16:19:36" hostname="DESKTOP-J8FJ0EB" time="0.069">
  <properties/>
  <testcase name="hi()" classname="com.example.individualproject.WebSocketsTests.BroadcastControllerTesting" time="0.069"/>
  <system-out><![CDATA[2022-01-21 17:19:36.015  INFO 13200 --- [    Test worker] .b.t.c.SpringBootTestContextBootstrapper : Neither @ContextConfiguration nor @ContextHierarchy found for test class [com.example.individualproject.WebSocketsTests.BroadcastControllerTesting], using SpringBootContextLoader
2022-01-21 17:19:36.016  INFO 13200 --- [    Test worker] o.s.t.c.support.AbstractContextLoader    : Could not detect default resource locations for test class [com.example.individualproject.WebSocketsTests.BroadcastControllerTesting]: no resource found for suffixes {-context.xml, Context.groovy}.
2022-01-21 17:19:36.017  INFO 13200 --- [    Test worker] t.c.s.AnnotationConfigContextLoaderUtils : Could not detect default configuration classes for test class [com.example.individualproject.WebSocketsTests.BroadcastControllerTesting]: BroadcastControllerTesting does not declare any static, non-private, non-final, nested classes annotated with @Configuration.
2022-01-21 17:19:36.024  INFO 13200 --- [    Test worker] .b.t.c.SpringBootTestContextBootstrapper : Found @SpringBootConfiguration com.example.individualproject.IndividualProjectApplication for test class com.example.individualproject.WebSocketsTests.BroadcastControllerTesting
2022-01-21 17:19:36.026  INFO 13200 --- [    Test worker] .b.t.c.SpringBootTestContextBootstrapper : Loaded default TestExecutionListener class names from location [META-INF/spring.factories]: [org.springframework.security.test.context.support.WithSecurityContextTestExecutionListener, org.springframework.security.test.context.support.ReactorContextTestExecutionListener, org.springframework.boot.test.autoconfigure.restdocs.RestDocsTestExecutionListener, org.springframework.boot.test.autoconfigure.web.client.MockRestServiceServerResetTestExecutionListener, org.springframework.boot.test.autoconfigure.web.servlet.MockMvcPrintOnlyOnFailureTestExecutionListener, org.springframework.boot.test.autoconfigure.web.servlet.WebDriverTestExecutionListener, org.springframework.boot.test.autoconfigure.webservices.client.MockWebServiceServerTestExecutionListener, org.springframework.boot.test.mock.mockito.MockitoTestExecutionListener, org.springframework.boot.test.mock.mockito.ResetMocksTestExecutionListener, org.springframework.test.context.web.ServletTestExecutionListener, org.springframework.test.context.support.DirtiesContextBeforeModesTestExecutionListener, org.springframework.test.context.event.ApplicationEventsTestExecutionListener, org.springframework.test.context.support.DependencyInjectionTestExecutionListener, org.springframework.test.context.support.DirtiesContextTestExecutionListener, org.springframework.test.context.transaction.TransactionalTestExecutionListener, org.springframework.test.context.jdbc.SqlScriptsTestExecutionListener, org.springframework.test.context.event.EventPublishingTestExecutionListener]
2022-01-21 17:19:36.027  INFO 13200 --- [    Test worker] .b.t.c.SpringBootTestContextBootstrapper : Using TestExecutionListeners: [org.springframework.test.context.web.ServletTestExecutionListener@312f537e, org.springframework.test.context.support.DirtiesContextBeforeModesTestExecutionListener@26f33916, org.springframework.test.context.event.ApplicationEventsTestExecutionListener@8756af8, org.springframework.boot.test.mock.mockito.MockitoTestExecutionListener@6e1090b3, org.springframework.boot.test.autoconfigure.SpringBootDependencyInjectionTestExecutionListener@256f9aac, org.springframework.test.context.support.DirtiesContextTestExecutionListener@1aeb2c9e, org.springframework.test.context.transaction.TransactionalTestExecutionListener@39eab791, org.springframework.test.context.jdbc.SqlScriptsTestExecutionListener@53153d17, org.springframework.security.test.context.support.WithSecurityContextTestExecutionListener@af66723, org.springframework.test.context.event.EventPublishingTestExecutionListener@49ba253f, org.springframework.security.test.context.support.ReactorContextTestExecutionListener@250045a6, org.springframework.boot.test.autoconfigure.restdocs.RestDocsTestExecutionListener@5f872994, org.springframework.boot.test.autoconfigure.web.client.MockRestServiceServerResetTestExecutionListener@66718238, org.springframework.boot.test.autoconfigure.web.servlet.MockMvcPrintOnlyOnFailureTestExecutionListener@7e7ad014, org.springframework.boot.test.autoconfigure.web.servlet.WebDriverTestExecutionListener@59f08708, org.springframework.boot.test.autoconfigure.webservices.client.MockWebServiceServerTestExecutionListener@3fddde2b, org.springframework.boot.test.mock.mockito.ResetMocksTestExecutionListener@55d7fbaa]
]]></system-out>
  <system-err><![CDATA[]]></system-err>
</testsuite>
