<?xml version="1.0" encoding="UTF-8"?>
<testsuite name="com.example.individualproject.TheatreTests.TheatreServiceUnitTests" tests="7" skipped="0" failures="0" errors="0" timestamp="2022-01-21T16:19:35" hostname="DESKTOP-J8FJ0EB" time="0.04">
  <properties/>
  <testcase name="removeTheatre()" classname="com.example.individualproject.TheatreTests.TheatreServiceUnitTests" time="0.01"/>
  <testcase name="returnAllTheatresWhenNull()" classname="com.example.individualproject.TheatreTests.TheatreServiceUnitTests" time="0.005"/>
  <testcase name="returnTheatreByIdWhenNull()" classname="com.example.individualproject.TheatreTests.TheatreServiceUnitTests" time="0.005"/>
  <testcase name="returnAllTheatres()" classname="com.example.individualproject.TheatreTests.TheatreServiceUnitTests" time="0.004"/>
  <testcase name="returnTheatreById()" classname="com.example.individualproject.TheatreTests.TheatreServiceUnitTests" time="0.004"/>
  <testcase name="editTheatre()" classname="com.example.individualproject.TheatreTests.TheatreServiceUnitTests" time="0.003"/>
  <testcase name="addTheatre()" classname="com.example.individualproject.TheatreTests.TheatreServiceUnitTests" time="0.003"/>
  <system-out><![CDATA[2022-01-21 17:19:34.360  INFO 13200 --- [    Test worker] .b.t.c.SpringBootTestContextBootstrapper : Neither @ContextConfiguration nor @ContextHierarchy found for test class [com.example.individualproject.TheatreTests.TheatreServiceUnitTests], using SpringBootContextLoader
2022-01-21 17:19:34.361  INFO 13200 --- [    Test worker] o.s.t.c.support.AbstractContextLoader    : Could not detect default resource locations for test class [com.example.individualproject.TheatreTests.TheatreServiceUnitTests]: no resource found for suffixes {-context.xml, Context.groovy}.
2022-01-21 17:19:34.362  INFO 13200 --- [    Test worker] t.c.s.AnnotationConfigContextLoaderUtils : Could not detect default configuration classes for test class [com.example.individualproject.TheatreTests.TheatreServiceUnitTests]: TheatreServiceUnitTests does not declare any static, non-private, non-final, nested classes annotated with @Configuration.
2022-01-21 17:19:34.363  INFO 13200 --- [    Test worker] .b.t.c.SpringBootTestContextBootstrapper : Found @SpringBootConfiguration com.example.individualproject.IndividualProjectApplication for test class com.example.individualproject.TheatreTests.TheatreServiceUnitTests
2022-01-21 17:19:34.365  INFO 13200 --- [    Test worker] .b.t.c.SpringBootTestContextBootstrapper : Loaded default TestExecutionListener class names from location [META-INF/spring.factories]: [org.springframework.security.test.context.support.WithSecurityContextTestExecutionListener, org.springframework.security.test.context.support.ReactorContextTestExecutionListener, org.springframework.boot.test.autoconfigure.restdocs.RestDocsTestExecutionListener, org.springframework.boot.test.autoconfigure.web.client.MockRestServiceServerResetTestExecutionListener, org.springframework.boot.test.autoconfigure.web.servlet.MockMvcPrintOnlyOnFailureTestExecutionListener, org.springframework.boot.test.autoconfigure.web.servlet.WebDriverTestExecutionListener, org.springframework.boot.test.autoconfigure.webservices.client.MockWebServiceServerTestExecutionListener, org.springframework.boot.test.mock.mockito.MockitoTestExecutionListener, org.springframework.boot.test.mock.mockito.ResetMocksTestExecutionListener, org.springframework.test.context.web.ServletTestExecutionListener, org.springframework.test.context.support.DirtiesContextBeforeModesTestExecutionListener, org.springframework.test.context.event.ApplicationEventsTestExecutionListener, org.springframework.test.context.support.DependencyInjectionTestExecutionListener, org.springframework.test.context.support.DirtiesContextTestExecutionListener, org.springframework.test.context.transaction.TransactionalTestExecutionListener, org.springframework.test.context.jdbc.SqlScriptsTestExecutionListener, org.springframework.test.context.event.EventPublishingTestExecutionListener]
2022-01-21 17:19:34.366  INFO 13200 --- [    Test worker] .b.t.c.SpringBootTestContextBootstrapper : Using TestExecutionListeners: [org.springframework.test.context.web.ServletTestExecutionListener@590e3ccf, org.springframework.test.context.support.DirtiesContextBeforeModesTestExecutionListener@1d1bd3fc, org.springframework.test.context.event.ApplicationEventsTestExecutionListener@159ede70, org.springframework.boot.test.mock.mockito.MockitoTestExecutionListener@43c98337, org.springframework.boot.test.autoconfigure.SpringBootDependencyInjectionTestExecutionListener@6b8937c5, org.springframework.test.context.support.DirtiesContextTestExecutionListener@28ce8d7b, org.springframework.test.context.transaction.TransactionalTestExecutionListener@4b40ab4c, org.springframework.test.context.jdbc.SqlScriptsTestExecutionListener@441f4928, org.springframework.security.test.context.support.WithSecurityContextTestExecutionListener@660a7971, org.springframework.test.context.event.EventPublishingTestExecutionListener@3a73959e, org.springframework.security.test.context.support.ReactorContextTestExecutionListener@74274357, org.springframework.boot.test.autoconfigure.restdocs.RestDocsTestExecutionListener@4a4f12f2, org.springframework.boot.test.autoconfigure.web.client.MockRestServiceServerResetTestExecutionListener@7f3b2b3b, org.springframework.boot.test.autoconfigure.web.servlet.MockMvcPrintOnlyOnFailureTestExecutionListener@59428e27, org.springframework.boot.test.autoconfigure.web.servlet.WebDriverTestExecutionListener@173143a3, org.springframework.boot.test.autoconfigure.webservices.client.MockWebServiceServerTestExecutionListener@25db1b35, org.springframework.boot.test.mock.mockito.ResetMocksTestExecutionListener@39f8e46]

  .   ____          _            __ _ _
 /\\ / ___'_ __ _ _(_)_ __  __ _ \ \ \ \
( ( )\___ | '_ | '_| | '_ \/ _` | \ \ \ \
 \\/  ___)| |_)| | | | | || (_| |  ) ) ) )
  '  |____| .__|_| |_|_| |_\__, | / / / /
 =========|_|==============|___/=/_/_/_/
 :: Spring Boot ::                (v2.5.4)

2022-01-21 17:19:34.389  INFO 13200 --- [    Test worker] c.e.i.T.TheatreServiceUnitTests          : Starting TheatreServiceUnitTests using Java 11.0.12 on DESKTOP-J8FJ0EB with PID 13200 (started by KristiyanBalev in C:\Users\krist\OneDrive\Desktop\Solo Project\semester-3-individual-task)
2022-01-21 17:19:34.390  INFO 13200 --- [    Test worker] c.e.i.T.TheatreServiceUnitTests          : No active profile set, falling back to default profiles: default
2022-01-21 17:19:34.931  INFO 13200 --- [    Test worker] o.s.s.web.DefaultSecurityFilterChain     : Will secure any request with [org.springframework.security.web.context.request.async.WebAsyncManagerIntegrationFilter@293f002f, org.springframework.security.web.context.SecurityContextPersistenceFilter@2a633400, org.springframework.security.web.header.HeaderWriterFilter@6da5f130, org.springframework.web.filter.CorsFilter@18207347, org.springframework.security.web.authentication.logout.LogoutFilter@83e31b7, com.example.individualproject.Filter.JWTAuthenticationFilter@4e8ed181, com.example.individualproject.Filter.JWTAuthorizationFilter@78d27cb4, org.springframework.security.web.savedrequest.RequestCacheAwareFilter@3b7642ee, org.springframework.security.web.servletapi.SecurityContextHolderAwareRequestFilter@799808c1, org.springframework.security.web.authentication.AnonymousAuthenticationFilter@29bd25f9, org.springframework.security.web.session.SessionManagementFilter@528212da, org.springframework.security.web.access.ExceptionTranslationFilter@437a4fc5, org.springframework.security.web.access.intercept.FilterSecurityInterceptor@4e1f1eaa]
2022-01-21 17:19:35.139  INFO 13200 --- [    Test worker] o.s.m.s.b.SimpleBrokerMessageHandler     : Starting...
2022-01-21 17:19:35.139  INFO 13200 --- [    Test worker] o.s.m.s.b.SimpleBrokerMessageHandler     : BrokerAvailabilityEvent[available=true, SimpleBrokerMessageHandler [org.springframework.messaging.simp.broker.DefaultSubscriptionRegistry@133a1942]]
2022-01-21 17:19:35.139  INFO 13200 --- [    Test worker] o.s.m.s.b.SimpleBrokerMessageHandler     : Started.
2022-01-21 17:19:35.141  INFO 13200 --- [    Test worker] c.e.i.T.TheatreServiceUnitTests          : Started TheatreServiceUnitTests in 0.772 seconds (JVM running for 14.327)
]]></system-out>
  <system-err><![CDATA[]]></system-err>
</testsuite>
