<?xml version="1.0" encoding="UTF-8"?>
<testsuite name="com.example.individualproject.IndividualProjectApplicationTests" tests="1" skipped="0" failures="0" errors="0" timestamp="2021-09-27T13:20:04" hostname="DESKTOP-J8FJ0EB" time="0.322">
  <properties/>
  <testcase name="contextLoads()" classname="com.example.individualproject.IndividualProjectApplicationTests" time="0.322"/>
  <system-out><![CDATA[15:20:02.180 [Test worker] DEBUG org.springframework.test.context.BootstrapUtils - Instantiating CacheAwareContextLoaderDelegate from class [org.springframework.test.context.cache.DefaultCacheAwareContextLoaderDelegate]
15:20:02.193 [Test worker] DEBUG org.springframework.test.context.BootstrapUtils - Instantiating BootstrapContext using constructor [public org.springframework.test.context.support.DefaultBootstrapContext(java.lang.Class,org.springframework.test.context.CacheAwareContextLoaderDelegate)]
15:20:02.226 [Test worker] DEBUG org.springframework.test.context.BootstrapUtils - Instantiating TestContextBootstrapper for test class [com.example.individualproject.IndividualProjectApplicationTests] from class [org.springframework.boot.test.context.SpringBootTestContextBootstrapper]
15:20:02.237 [Test worker] INFO org.springframework.boot.test.context.SpringBootTestContextBootstrapper - Neither @ContextConfiguration nor @ContextHierarchy found for test class [com.example.individualproject.IndividualProjectApplicationTests], using SpringBootContextLoader
15:20:02.240 [Test worker] DEBUG org.springframework.test.context.support.AbstractContextLoader - Did not detect default resource location for test class [com.example.individualproject.IndividualProjectApplicationTests]: class path resource [com/example/individualproject/IndividualProjectApplicationTests-context.xml] does not exist
15:20:02.241 [Test worker] DEBUG org.springframework.test.context.support.AbstractContextLoader - Did not detect default resource location for test class [com.example.individualproject.IndividualProjectApplicationTests]: class path resource [com/example/individualproject/IndividualProjectApplicationTestsContext.groovy] does not exist
15:20:02.242 [Test worker] INFO org.springframework.test.context.support.AbstractContextLoader - Could not detect default resource locations for test class [com.example.individualproject.IndividualProjectApplicationTests]: no resource found for suffixes {-context.xml, Context.groovy}.
15:20:02.243 [Test worker] INFO org.springframework.test.context.support.AnnotationConfigContextLoaderUtils - Could not detect default configuration classes for test class [com.example.individualproject.IndividualProjectApplicationTests]: IndividualProjectApplicationTests does not declare any static, non-private, non-final, nested classes annotated with @Configuration.
15:20:02.295 [Test worker] DEBUG org.springframework.test.context.support.ActiveProfilesUtils - Could not find an 'annotation declaring class' for annotation type [org.springframework.test.context.ActiveProfiles] and class [com.example.individualproject.IndividualProjectApplicationTests]
15:20:02.352 [Test worker] DEBUG org.springframework.context.annotation.ClassPathScanningCandidateComponentProvider - Identified candidate component class: file [C:\Users\krist\OneDrive\Desktop\Project\semester-3-individual-task\IndividualProject\build\classes\java\main\com\example\individualproject\IndividualProjectApplication.class]
15:20:02.354 [Test worker] INFO org.springframework.boot.test.context.SpringBootTestContextBootstrapper - Found @SpringBootConfiguration com.example.individualproject.IndividualProjectApplication for test class com.example.individualproject.IndividualProjectApplicationTests
15:20:02.469 [Test worker] DEBUG org.springframework.boot.test.context.SpringBootTestContextBootstrapper - @TestExecutionListeners is not present for class [com.example.individualproject.IndividualProjectApplicationTests]: using defaults.
15:20:02.470 [Test worker] INFO org.springframework.boot.test.context.SpringBootTestContextBootstrapper - Loaded default TestExecutionListener class names from location [META-INF/spring.factories]: [org.springframework.boot.test.autoconfigure.restdocs.RestDocsTestExecutionListener, org.springframework.boot.test.autoconfigure.web.client.MockRestServiceServerResetTestExecutionListener, org.springframework.boot.test.autoconfigure.web.servlet.MockMvcPrintOnlyOnFailureTestExecutionListener, org.springframework.boot.test.autoconfigure.web.servlet.WebDriverTestExecutionListener, org.springframework.boot.test.autoconfigure.webservices.client.MockWebServiceServerTestExecutionListener, org.springframework.boot.test.mock.mockito.MockitoTestExecutionListener, org.springframework.boot.test.mock.mockito.ResetMocksTestExecutionListener, org.springframework.test.context.web.ServletTestExecutionListener, org.springframework.test.context.support.DirtiesContextBeforeModesTestExecutionListener, org.springframework.test.context.event.ApplicationEventsTestExecutionListener, org.springframework.test.context.support.DependencyInjectionTestExecutionListener, org.springframework.test.context.support.DirtiesContextTestExecutionListener, org.springframework.test.context.transaction.TransactionalTestExecutionListener, org.springframework.test.context.jdbc.SqlScriptsTestExecutionListener, org.springframework.test.context.event.EventPublishingTestExecutionListener]
15:20:02.482 [Test worker] DEBUG org.springframework.boot.test.context.SpringBootTestContextBootstrapper - Skipping candidate TestExecutionListener [org.springframework.test.context.transaction.TransactionalTestExecutionListener] due to a missing dependency. Specify custom listener classes or make the default listener classes and their required dependencies available. Offending class: [org/springframework/transaction/interceptor/TransactionAttributeSource]
15:20:02.483 [Test worker] DEBUG org.springframework.boot.test.context.SpringBootTestContextBootstrapper - Skipping candidate TestExecutionListener [org.springframework.test.context.jdbc.SqlScriptsTestExecutionListener] due to a missing dependency. Specify custom listener classes or make the default listener classes and their required dependencies available. Offending class: [org/springframework/transaction/interceptor/TransactionAttribute]
15:20:02.483 [Test worker] INFO org.springframework.boot.test.context.SpringBootTestContextBootstrapper - Using TestExecutionListeners: [org.springframework.test.context.web.ServletTestExecutionListener@76b74e9c, org.springframework.test.context.support.DirtiesContextBeforeModesTestExecutionListener@2d72f75e, org.springframework.test.context.event.ApplicationEventsTestExecutionListener@8ab78bc, org.springframework.boot.test.mock.mockito.MockitoTestExecutionListener@5aa0dbf4, org.springframework.boot.test.autoconfigure.SpringBootDependencyInjectionTestExecutionListener@16afbd92, org.springframework.test.context.support.DirtiesContextTestExecutionListener@2c5d601e, org.springframework.test.context.event.EventPublishingTestExecutionListener@7fe083b1, org.springframework.boot.test.autoconfigure.restdocs.RestDocsTestExecutionListener@23c388c2, org.springframework.boot.test.autoconfigure.web.client.MockRestServiceServerResetTestExecutionListener@486be205, org.springframework.boot.test.autoconfigure.web.servlet.MockMvcPrintOnlyOnFailureTestExecutionListener@f713686, org.springframework.boot.test.autoconfigure.web.servlet.WebDriverTestExecutionListener@74f7d1d2, org.springframework.boot.test.autoconfigure.webservices.client.MockWebServiceServerTestExecutionListener@4b4dd216, org.springframework.boot.test.mock.mockito.ResetMocksTestExecutionListener@5ca17ab0]
15:20:02.492 [Test worker] DEBUG org.springframework.test.context.support.AbstractDirtiesContextTestExecutionListener - Before test class: context [DefaultTestContext@f31c0c6 testClass = IndividualProjectApplicationTests, testInstance = [null], testMethod = [null], testException = [null], mergedContextConfiguration = [WebMergedContextConfiguration@b93aad testClass = IndividualProjectApplicationTests, locations = '{}', classes = '{class com.example.individualproject.IndividualProjectApplication}', contextInitializerClasses = '[]', activeProfiles = '{}', propertySourceLocations = '{}', propertySourceProperties = '{org.springframework.boot.test.context.SpringBootTestContextBootstrapper=true}', contextCustomizers = set[org.springframework.boot.test.autoconfigure.actuate.metrics.MetricsExportContextCustomizerFactory$DisableMetricExportContextCustomizer@5b529706, org.springframework.boot.test.autoconfigure.properties.PropertyMappingContextCustomizer@0, org.springframework.boot.test.autoconfigure.web.servlet.WebDriverContextCustomizerFactory$Customizer@19553973, org.springframework.boot.test.context.filter.ExcludeFilterContextCustomizer@32c8e539, org.springframework.boot.test.json.DuplicateJsonObjectContextCustomizerFactory$DuplicateJsonObjectContextCustomizer@32811494, org.springframework.boot.test.mock.mockito.MockitoContextCustomizer@0, org.springframework.boot.test.web.client.TestRestTemplateContextCustomizer@7c098bb3, org.springframework.boot.test.context.SpringBootTestArgs@1, org.springframework.boot.test.context.SpringBootTestWebEnvironment@36804139], resourceBasePath = 'src/main/webapp', contextLoader = 'org.springframework.boot.test.context.SpringBootContextLoader', parent = [null]], attributes = map['org.springframework.test.context.web.ServletTestExecutionListener.activateListener' -> true]], class annotated with @DirtiesContext [false] with mode [null].
15:20:02.527 [Test worker] DEBUG org.springframework.test.context.support.TestPropertySourceUtils - Adding inlined properties to environment: {spring.jmx.enabled=false, org.springframework.boot.test.context.SpringBootTestContextBootstrapper=true}

  .   ____          _            __ _ _
 /\\ / ___'_ __ _ _(_)_ __  __ _ \ \ \ \
( ( )\___ | '_ | '_| | '_ \/ _` | \ \ \ \
 \\/  ___)| |_)| | | | | || (_| |  ) ) ) )
  '  |____| .__|_| |_|_| |_\__, | / / / /
 =========|_|==============|___/=/_/_/_/
 :: Spring Boot ::                (v2.5.4)

2021-09-27 15:20:02.785  INFO 47092 --- [    Test worker] c.e.i.IndividualProjectApplicationTests  : Starting IndividualProjectApplicationTests using Java 11.0.12 on DESKTOP-J8FJ0EB with PID 47092 (started by krist in C:\Users\krist\OneDrive\Desktop\Project\semester-3-individual-task\IndividualProject)
2021-09-27 15:20:02.788  INFO 47092 --- [    Test worker] c.e.i.IndividualProjectApplicationTests  : No active profile set, falling back to default profiles: default
2021-09-27 15:20:04.251  INFO 47092 --- [    Test worker] c.e.i.IndividualProjectApplicationTests  : Started IndividualProjectApplicationTests in 1.717 seconds (JVM running for 2.941)
]]></system-out>
  <system-err><![CDATA[]]></system-err>
</testsuite>
