<?xml version="1.0" encoding="UTF-8"?>
<testsuite name="com.example.individualproject.TheatreTests.TheatreControllerTests" tests="2" skipped="0" failures="0" errors="0" timestamp="2022-01-21T16:19:34" hostname="DESKTOP-J8FJ0EB" time="0.011">
  <properties/>
  <testcase name="getAllTheatres()" classname="com.example.individualproject.TheatreTests.TheatreControllerTests" time="0.005"/>
  <testcase name="getTheatreById()" classname="com.example.individualproject.TheatreTests.TheatreControllerTests" time="0.005"/>
  <system-out><![CDATA[2022-01-21 17:19:33.506  INFO 13200 --- [    Test worker] .b.t.c.SpringBootTestContextBootstrapper : Neither @ContextConfiguration nor @ContextHierarchy found for test class [com.example.individualproject.TheatreTests.TheatreControllerTests], using SpringBootContextLoader
2022-01-21 17:19:33.507  INFO 13200 --- [    Test worker] o.s.t.c.support.AbstractContextLoader    : Could not detect default resource locations for test class [com.example.individualproject.TheatreTests.TheatreControllerTests]: no resource found for suffixes {-context.xml, Context.groovy}.
2022-01-21 17:19:33.508  INFO 13200 --- [    Test worker] t.c.s.AnnotationConfigContextLoaderUtils : Could not detect default configuration classes for test class [com.example.individualproject.TheatreTests.TheatreControllerTests]: TheatreControllerTests does not declare any static, non-private, non-final, nested classes annotated with @Configuration.
2022-01-21 17:19:33.514  INFO 13200 --- [    Test worker] .b.t.c.SpringBootTestContextBootstrapper : Found @SpringBootConfiguration com.example.individualproject.IndividualProjectApplication for test class com.example.individualproject.TheatreTests.TheatreControllerTests
2022-01-21 17:19:33.515  INFO 13200 --- [    Test worker] .b.t.c.SpringBootTestContextBootstrapper : Loaded default TestExecutionListener class names from location [META-INF/spring.factories]: [org.springframework.security.test.context.support.WithSecurityContextTestExecutionListener, org.springframework.security.test.context.support.ReactorContextTestExecutionListener, org.springframework.boot.test.autoconfigure.restdocs.RestDocsTestExecutionListener, org.springframework.boot.test.autoconfigure.web.client.MockRestServiceServerResetTestExecutionListener, org.springframework.boot.test.autoconfigure.web.servlet.MockMvcPrintOnlyOnFailureTestExecutionListener, org.springframework.boot.test.autoconfigure.web.servlet.WebDriverTestExecutionListener, org.springframework.boot.test.autoconfigure.webservices.client.MockWebServiceServerTestExecutionListener, org.springframework.boot.test.mock.mockito.MockitoTestExecutionListener, org.springframework.boot.test.mock.mockito.ResetMocksTestExecutionListener, org.springframework.test.context.web.ServletTestExecutionListener, org.springframework.test.context.support.DirtiesContextBeforeModesTestExecutionListener, org.springframework.test.context.event.ApplicationEventsTestExecutionListener, org.springframework.test.context.support.DependencyInjectionTestExecutionListener, org.springframework.test.context.support.DirtiesContextTestExecutionListener, org.springframework.test.context.transaction.TransactionalTestExecutionListener, org.springframework.test.context.jdbc.SqlScriptsTestExecutionListener, org.springframework.test.context.event.EventPublishingTestExecutionListener]
2022-01-21 17:19:33.516  INFO 13200 --- [    Test worker] .b.t.c.SpringBootTestContextBootstrapper : Using TestExecutionListeners: [org.springframework.test.context.web.ServletTestExecutionListener@4da21f08, org.springframework.test.context.support.DirtiesContextBeforeModesTestExecutionListener@36aa20eb, org.springframework.test.context.event.ApplicationEventsTestExecutionListener@7de89f2c, org.springframework.boot.test.mock.mockito.MockitoTestExecutionListener@5d695b14, org.springframework.boot.test.autoconfigure.SpringBootDependencyInjectionTestExecutionListener@ee55ee, org.springframework.test.context.support.DirtiesContextTestExecutionListener@67249060, org.springframework.test.context.transaction.TransactionalTestExecutionListener@5e8c6257, org.springframework.test.context.jdbc.SqlScriptsTestExecutionListener@492a2369, org.springframework.security.test.context.support.WithSecurityContextTestExecutionListener@3b994e87, org.springframework.test.context.event.EventPublishingTestExecutionListener@78fd6e04, org.springframework.security.test.context.support.ReactorContextTestExecutionListener@455e2596, org.springframework.boot.test.autoconfigure.restdocs.RestDocsTestExecutionListener@5d77773f, org.springframework.boot.test.autoconfigure.web.client.MockRestServiceServerResetTestExecutionListener@2cebe760, org.springframework.boot.test.autoconfigure.web.servlet.MockMvcPrintOnlyOnFailureTestExecutionListener@3ff521b7, org.springframework.boot.test.autoconfigure.web.servlet.WebDriverTestExecutionListener@b33d14a, org.springframework.boot.test.autoconfigure.webservices.client.MockWebServiceServerTestExecutionListener@6d1b919c, org.springframework.boot.test.mock.mockito.ResetMocksTestExecutionListener@1eb8bbb8]

  .   ____          _            __ _ _
 /\\ / ___'_ __ _ _(_)_ __  __ _ \ \ \ \
( ( )\___ | '_ | '_| | '_ \/ _` | \ \ \ \
 \\/  ___)| |_)| | | | | || (_| |  ) ) ) )
  '  |____| .__|_| |_|_| |_\__, | / / / /
 =========|_|==============|___/=/_/_/_/
 :: Spring Boot ::                (v2.5.4)

2022-01-21 17:19:33.538  INFO 13200 --- [    Test worker] c.e.i.T.TheatreControllerTests           : Starting TheatreControllerTests using Java 11.0.12 on DESKTOP-J8FJ0EB with PID 13200 (started by KristiyanBalev in C:\Users\krist\OneDrive\Desktop\Solo Project\semester-3-individual-task)
2022-01-21 17:19:33.539  INFO 13200 --- [    Test worker] c.e.i.T.TheatreControllerTests           : No active profile set, falling back to default profiles: default
2022-01-21 17:19:34.105  INFO 13200 --- [    Test worker] o.s.s.web.DefaultSecurityFilterChain     : Will secure any request with [org.springframework.security.web.context.request.async.WebAsyncManagerIntegrationFilter@631e0124, org.springframework.security.web.context.SecurityContextPersistenceFilter@724161a2, org.springframework.security.web.header.HeaderWriterFilter@6c9e1727, org.springframework.web.filter.CorsFilter@26758ff5, org.springframework.security.web.authentication.logout.LogoutFilter@420beef7, com.example.individualproject.Filter.JWTAuthenticationFilter@22021b6a, com.example.individualproject.Filter.JWTAuthorizationFilter@2cbd6191, org.springframework.security.web.savedrequest.RequestCacheAwareFilter@57f28c5a, org.springframework.security.web.servletapi.SecurityContextHolderAwareRequestFilter@4bc98eac, org.springframework.security.web.authentication.AnonymousAuthenticationFilter@3f395203, org.springframework.security.web.session.SessionManagementFilter@5e25d442, org.springframework.security.web.access.ExceptionTranslationFilter@477c4d55, org.springframework.security.web.access.intercept.FilterSecurityInterceptor@7dce7fe4]
2022-01-21 17:19:34.339  INFO 13200 --- [    Test worker] o.s.m.s.b.SimpleBrokerMessageHandler     : Starting...
2022-01-21 17:19:34.340  INFO 13200 --- [    Test worker] o.s.m.s.b.SimpleBrokerMessageHandler     : BrokerAvailabilityEvent[available=true, SimpleBrokerMessageHandler [org.springframework.messaging.simp.broker.DefaultSubscriptionRegistry@1c81a21c]]
2022-01-21 17:19:34.340  INFO 13200 --- [    Test worker] o.s.m.s.b.SimpleBrokerMessageHandler     : Started.
2022-01-21 17:19:34.342  INFO 13200 --- [    Test worker] c.e.i.T.TheatreControllerTests           : Started TheatreControllerTests in 0.823 seconds (JVM running for 13.528)
]]></system-out>
  <system-err><![CDATA[]]></system-err>
</testsuite>
