<?xml version="1.0" encoding="UTF-8"?>
<testsuite name="com.example.individualproject.ReservationTests.ReservationServiceUnitTests" tests="5" skipped="0" failures="0" errors="0" timestamp="2022-01-18T10:21:56" hostname="DESKTOP-J8FJ0EB" time="0.031">
  <properties/>
  <testcase name="returnReservationById()" classname="com.example.individualproject.ReservationTests.ReservationServiceUnitTests" time="0.005"/>
  <testcase name="returnReservationByIdWhenNull()" classname="com.example.individualproject.ReservationTests.ReservationServiceUnitTests" time="0.004"/>
  <testcase name="returnAllReservationsWhenNull()" classname="com.example.individualproject.ReservationTests.ReservationServiceUnitTests" time="0.005"/>
  <testcase name="reserve()" classname="com.example.individualproject.ReservationTests.ReservationServiceUnitTests" time="0.005"/>
  <testcase name="returnAllReservations()" classname="com.example.individualproject.ReservationTests.ReservationServiceUnitTests" time="0.005"/>
  <system-out><![CDATA[2022-01-18 11:21:55.324  INFO 3616 --- [    Test worker] .b.t.c.SpringBootTestContextBootstrapper : Neither @ContextConfiguration nor @ContextHierarchy found for test class [com.example.individualproject.ReservationTests.ReservationServiceUnitTests], using SpringBootContextLoader
2022-01-18 11:21:55.325  INFO 3616 --- [    Test worker] o.s.t.c.support.AbstractContextLoader    : Could not detect default resource locations for test class [com.example.individualproject.ReservationTests.ReservationServiceUnitTests]: no resource found for suffixes {-context.xml, Context.groovy}.
2022-01-18 11:21:55.325  INFO 3616 --- [    Test worker] t.c.s.AnnotationConfigContextLoaderUtils : Could not detect default configuration classes for test class [com.example.individualproject.ReservationTests.ReservationServiceUnitTests]: ReservationServiceUnitTests does not declare any static, non-private, non-final, nested classes annotated with @Configuration.
2022-01-18 11:21:55.327  INFO 3616 --- [    Test worker] .b.t.c.SpringBootTestContextBootstrapper : Found @SpringBootConfiguration com.example.individualproject.IndividualProjectApplication for test class com.example.individualproject.ReservationTests.ReservationServiceUnitTests
2022-01-18 11:21:55.329  INFO 3616 --- [    Test worker] .b.t.c.SpringBootTestContextBootstrapper : Loaded default TestExecutionListener class names from location [META-INF/spring.factories]: [org.springframework.security.test.context.support.WithSecurityContextTestExecutionListener, org.springframework.security.test.context.support.ReactorContextTestExecutionListener, org.springframework.boot.test.autoconfigure.restdocs.RestDocsTestExecutionListener, org.springframework.boot.test.autoconfigure.web.client.MockRestServiceServerResetTestExecutionListener, org.springframework.boot.test.autoconfigure.web.servlet.MockMvcPrintOnlyOnFailureTestExecutionListener, org.springframework.boot.test.autoconfigure.web.servlet.WebDriverTestExecutionListener, org.springframework.boot.test.autoconfigure.webservices.client.MockWebServiceServerTestExecutionListener, org.springframework.boot.test.mock.mockito.MockitoTestExecutionListener, org.springframework.boot.test.mock.mockito.ResetMocksTestExecutionListener, org.springframework.test.context.web.ServletTestExecutionListener, org.springframework.test.context.support.DirtiesContextBeforeModesTestExecutionListener, org.springframework.test.context.event.ApplicationEventsTestExecutionListener, org.springframework.test.context.support.DependencyInjectionTestExecutionListener, org.springframework.test.context.support.DirtiesContextTestExecutionListener, org.springframework.test.context.transaction.TransactionalTestExecutionListener, org.springframework.test.context.jdbc.SqlScriptsTestExecutionListener, org.springframework.test.context.event.EventPublishingTestExecutionListener]
2022-01-18 11:21:55.330  INFO 3616 --- [    Test worker] .b.t.c.SpringBootTestContextBootstrapper : Using TestExecutionListeners: [org.springframework.test.context.web.ServletTestExecutionListener@734f746, org.springframework.test.context.support.DirtiesContextBeforeModesTestExecutionListener@59971387, org.springframework.test.context.event.ApplicationEventsTestExecutionListener@3c32eeac, org.springframework.boot.test.mock.mockito.MockitoTestExecutionListener@1dab68b1, org.springframework.boot.test.autoconfigure.SpringBootDependencyInjectionTestExecutionListener@3d853285, org.springframework.test.context.support.DirtiesContextTestExecutionListener@5cef1599, org.springframework.test.context.transaction.TransactionalTestExecutionListener@7703d726, org.springframework.test.context.jdbc.SqlScriptsTestExecutionListener@312bc797, org.springframework.security.test.context.support.WithSecurityContextTestExecutionListener@252eca2d, org.springframework.test.context.event.EventPublishingTestExecutionListener@14950cc, org.springframework.security.test.context.support.ReactorContextTestExecutionListener@681a0d24, org.springframework.boot.test.autoconfigure.restdocs.RestDocsTestExecutionListener@76278cf, org.springframework.boot.test.autoconfigure.web.client.MockRestServiceServerResetTestExecutionListener@544eb5ac, org.springframework.boot.test.autoconfigure.web.servlet.MockMvcPrintOnlyOnFailureTestExecutionListener@1fca50d9, org.springframework.boot.test.autoconfigure.web.servlet.WebDriverTestExecutionListener@27811d29, org.springframework.boot.test.autoconfigure.webservices.client.MockWebServiceServerTestExecutionListener@33b1ad16, org.springframework.boot.test.mock.mockito.ResetMocksTestExecutionListener@12f39d19]

  .   ____          _            __ _ _
 /\\ / ___'_ __ _ _(_)_ __  __ _ \ \ \ \
( ( )\___ | '_ | '_| | '_ \/ _` | \ \ \ \
 \\/  ___)| |_)| | | | | || (_| |  ) ) ) )
  '  |____| .__|_| |_|_| |_\__, | / / / /
 =========|_|==============|___/=/_/_/_/
 :: Spring Boot ::                (v2.5.4)

2022-01-18 11:21:55.354  INFO 3616 --- [    Test worker] c.e.i.R.ReservationServiceUnitTests      : Starting ReservationServiceUnitTests using Java 11.0.12 on DESKTOP-J8FJ0EB with PID 3616 (started by KristiyanBalev in C:\Users\krist\OneDrive\Desktop\Solo Project\semester-3-individual-task)
2022-01-18 11:21:55.354  INFO 3616 --- [    Test worker] c.e.i.R.ReservationServiceUnitTests      : No active profile set, falling back to default profiles: default
2022-01-18 11:21:56.026  INFO 3616 --- [    Test worker] o.s.s.web.DefaultSecurityFilterChain     : Will secure any request with [org.springframework.security.web.context.request.async.WebAsyncManagerIntegrationFilter@390083f7, org.springframework.security.web.context.SecurityContextPersistenceFilter@59f8d9d6, org.springframework.security.web.header.HeaderWriterFilter@2b1986ab, org.springframework.web.filter.CorsFilter@38b51e61, org.springframework.security.web.authentication.logout.LogoutFilter@61bd4a14, com.example.individualproject.Filter.JWTAuthenticationFilter@6b7a8009, com.example.individualproject.Filter.JWTAuthorizationFilter@62797ede, org.springframework.security.web.savedrequest.RequestCacheAwareFilter@7e6bd38b, org.springframework.security.web.servletapi.SecurityContextHolderAwareRequestFilter@19a03e33, org.springframework.security.web.authentication.AnonymousAuthenticationFilter@5fdb565d, org.springframework.security.web.session.SessionManagementFilter@7e73240a, org.springframework.security.web.access.ExceptionTranslationFilter@735a9dc7, org.springframework.security.web.access.intercept.FilterSecurityInterceptor@2e84e1d1]
2022-01-18 11:21:56.292  INFO 3616 --- [    Test worker] o.s.m.s.b.SimpleBrokerMessageHandler     : Starting...
2022-01-18 11:21:56.292  INFO 3616 --- [    Test worker] o.s.m.s.b.SimpleBrokerMessageHandler     : BrokerAvailabilityEvent[available=true, SimpleBrokerMessageHandler [org.springframework.messaging.simp.broker.DefaultSubscriptionRegistry@2711ad87]]
2022-01-18 11:21:56.293  INFO 3616 --- [    Test worker] o.s.m.s.b.SimpleBrokerMessageHandler     : Started.
2022-01-18 11:21:56.295  INFO 3616 --- [    Test worker] c.e.i.R.ReservationServiceUnitTests      : Started ReservationServiceUnitTests in 0.962 seconds (JVM running for 19.423)
]]></system-out>
  <system-err><![CDATA[]]></system-err>
</testsuite>
