<?xml version="1.0" encoding="UTF-8"?>
<testsuite name="com.example.individualproject.UserTests.UserServiceTests" tests="9" skipped="0" failures="0" errors="0" timestamp="2022-01-21T16:19:35" hostname="DESKTOP-J8FJ0EB" time="0.11">
  <properties/>
  <testcase name="userRegistration()" classname="com.example.individualproject.UserTests.UserServiceTests" time="0.076"/>
  <testcase name="getUserByUsername()" classname="com.example.individualproject.UserTests.UserServiceTests" time="0.003"/>
  <testcase name="returnUserById()" classname="com.example.individualproject.UserTests.UserServiceTests" time="0.003"/>
  <testcase name="returnUserNull()" classname="com.example.individualproject.UserTests.UserServiceTests" time="0.003"/>
  <testcase name="editUserDetails()" classname="com.example.individualproject.UserTests.UserServiceTests" time="0.004"/>
  <testcase name="returnAllUsersIfNull()" classname="com.example.individualproject.UserTests.UserServiceTests" time="0.003"/>
  <testcase name="returnUserByIdWhenNull()" classname="com.example.individualproject.UserTests.UserServiceTests" time="0.003"/>
  <testcase name="returnAllUsers()" classname="com.example.individualproject.UserTests.UserServiceTests" time="0.004"/>
  <testcase name="returnUser()" classname="com.example.individualproject.UserTests.UserServiceTests" time="0.003"/>
  <system-out><![CDATA[2022-01-21 17:19:35.187  INFO 13200 --- [    Test worker] .b.t.c.SpringBootTestContextBootstrapper : Neither @ContextConfiguration nor @ContextHierarchy found for test class [com.example.individualproject.UserTests.UserServiceTests], using SpringBootContextLoader
2022-01-21 17:19:35.188  INFO 13200 --- [    Test worker] o.s.t.c.support.AbstractContextLoader    : Could not detect default resource locations for test class [com.example.individualproject.UserTests.UserServiceTests]: no resource found for suffixes {-context.xml, Context.groovy}.
2022-01-21 17:19:35.188  INFO 13200 --- [    Test worker] t.c.s.AnnotationConfigContextLoaderUtils : Could not detect default configuration classes for test class [com.example.individualproject.UserTests.UserServiceTests]: UserServiceTests does not declare any static, non-private, non-final, nested classes annotated with @Configuration.
2022-01-21 17:19:35.193  INFO 13200 --- [    Test worker] .b.t.c.SpringBootTestContextBootstrapper : Found @SpringBootConfiguration com.example.individualproject.IndividualProjectApplication for test class com.example.individualproject.UserTests.UserServiceTests
2022-01-21 17:19:35.195  INFO 13200 --- [    Test worker] .b.t.c.SpringBootTestContextBootstrapper : Loaded default TestExecutionListener class names from location [META-INF/spring.factories]: [org.springframework.security.test.context.support.WithSecurityContextTestExecutionListener, org.springframework.security.test.context.support.ReactorContextTestExecutionListener, org.springframework.boot.test.autoconfigure.restdocs.RestDocsTestExecutionListener, org.springframework.boot.test.autoconfigure.web.client.MockRestServiceServerResetTestExecutionListener, org.springframework.boot.test.autoconfigure.web.servlet.MockMvcPrintOnlyOnFailureTestExecutionListener, org.springframework.boot.test.autoconfigure.web.servlet.WebDriverTestExecutionListener, org.springframework.boot.test.autoconfigure.webservices.client.MockWebServiceServerTestExecutionListener, org.springframework.boot.test.mock.mockito.MockitoTestExecutionListener, org.springframework.boot.test.mock.mockito.ResetMocksTestExecutionListener, org.springframework.test.context.web.ServletTestExecutionListener, org.springframework.test.context.support.DirtiesContextBeforeModesTestExecutionListener, org.springframework.test.context.event.ApplicationEventsTestExecutionListener, org.springframework.test.context.support.DependencyInjectionTestExecutionListener, org.springframework.test.context.support.DirtiesContextTestExecutionListener, org.springframework.test.context.transaction.TransactionalTestExecutionListener, org.springframework.test.context.jdbc.SqlScriptsTestExecutionListener, org.springframework.test.context.event.EventPublishingTestExecutionListener]
2022-01-21 17:19:35.196  INFO 13200 --- [    Test worker] .b.t.c.SpringBootTestContextBootstrapper : Using TestExecutionListeners: [org.springframework.test.context.web.ServletTestExecutionListener@de97be9, org.springframework.test.context.support.DirtiesContextBeforeModesTestExecutionListener@64dd1882, org.springframework.test.context.event.ApplicationEventsTestExecutionListener@3392bafe, org.springframework.boot.test.mock.mockito.MockitoTestExecutionListener@4382c364, org.springframework.boot.test.autoconfigure.SpringBootDependencyInjectionTestExecutionListener@572dece, org.springframework.test.context.support.DirtiesContextTestExecutionListener@967cfea, org.springframework.test.context.transaction.TransactionalTestExecutionListener@2f04c172, org.springframework.test.context.jdbc.SqlScriptsTestExecutionListener@7a48be15, org.springframework.security.test.context.support.WithSecurityContextTestExecutionListener@695f8b3c, org.springframework.test.context.event.EventPublishingTestExecutionListener@5e700162, org.springframework.security.test.context.support.ReactorContextTestExecutionListener@5776548f, org.springframework.boot.test.autoconfigure.restdocs.RestDocsTestExecutionListener@6871f062, org.springframework.boot.test.autoconfigure.web.client.MockRestServiceServerResetTestExecutionListener@7de2803b, org.springframework.boot.test.autoconfigure.web.servlet.MockMvcPrintOnlyOnFailureTestExecutionListener@2347e5f4, org.springframework.boot.test.autoconfigure.web.servlet.WebDriverTestExecutionListener@46700f3f, org.springframework.boot.test.autoconfigure.webservices.client.MockWebServiceServerTestExecutionListener@21e51573, org.springframework.boot.test.mock.mockito.ResetMocksTestExecutionListener@486faa2c]

  .   ____          _            __ _ _
 /\\ / ___'_ __ _ _(_)_ __  __ _ \ \ \ \
( ( )\___ | '_ | '_| | '_ \/ _` | \ \ \ \
 \\/  ___)| |_)| | | | | || (_| |  ) ) ) )
  '  |____| .__|_| |_|_| |_\__, | / / / /
 =========|_|==============|___/=/_/_/_/
 :: Spring Boot ::                (v2.5.4)

2022-01-21 17:19:35.214  INFO 13200 --- [    Test worker] c.e.i.UserTests.UserServiceTests         : Starting UserServiceTests using Java 11.0.12 on DESKTOP-J8FJ0EB with PID 13200 (started by KristiyanBalev in C:\Users\krist\OneDrive\Desktop\Solo Project\semester-3-individual-task)
2022-01-21 17:19:35.214  INFO 13200 --- [    Test worker] c.e.i.UserTests.UserServiceTests         : No active profile set, falling back to default profiles: default
2022-01-21 17:19:35.696  INFO 13200 --- [    Test worker] o.s.s.web.DefaultSecurityFilterChain     : Will secure any request with [org.springframework.security.web.context.request.async.WebAsyncManagerIntegrationFilter@2b5e37ca, org.springframework.security.web.context.SecurityContextPersistenceFilter@5d8cb907, org.springframework.security.web.header.HeaderWriterFilter@1b0e9406, org.springframework.web.filter.CorsFilter@6d0d1d3a, org.springframework.security.web.authentication.logout.LogoutFilter@67ade6c8, com.example.individualproject.Filter.JWTAuthenticationFilter@187fb062, com.example.individualproject.Filter.JWTAuthorizationFilter@5d3d8213, org.springframework.security.web.savedrequest.RequestCacheAwareFilter@42e75b8, org.springframework.security.web.servletapi.SecurityContextHolderAwareRequestFilter@6b6f6f9f, org.springframework.security.web.authentication.AnonymousAuthenticationFilter@7871e19, org.springframework.security.web.session.SessionManagementFilter@630ae016, org.springframework.security.web.access.ExceptionTranslationFilter@281e2cb2, org.springframework.security.web.access.intercept.FilterSecurityInterceptor@6a35e658]
2022-01-21 17:19:35.899  INFO 13200 --- [    Test worker] o.s.m.s.b.SimpleBrokerMessageHandler     : Starting...
2022-01-21 17:19:35.899  INFO 13200 --- [    Test worker] o.s.m.s.b.SimpleBrokerMessageHandler     : BrokerAvailabilityEvent[available=true, SimpleBrokerMessageHandler [org.springframework.messaging.simp.broker.DefaultSubscriptionRegistry@76c54c50]]
2022-01-21 17:19:35.899  INFO 13200 --- [    Test worker] o.s.m.s.b.SimpleBrokerMessageHandler     : Started.
2022-01-21 17:19:35.900  INFO 13200 --- [    Test worker] c.e.i.UserTests.UserServiceTests         : Started UserServiceTests in 0.702 seconds (JVM running for 15.087)
]]></system-out>
  <system-err><![CDATA[]]></system-err>
</testsuite>
