<?xml version="1.0" encoding="UTF-8"?>
<testsuite name="com.example.individualproject.MovieTests.MovieServiceUnitTests" tests="11" skipped="0" failures="0" errors="0" timestamp="2022-01-21T16:19:31" hostname="DESKTOP-J8FJ0EB" time="0.075">
  <properties/>
  <testcase name="editMovie()" classname="com.example.individualproject.MovieTests.MovieServiceUnitTests" time="0.007"/>
  <testcase name="addMovie()" classname="com.example.individualproject.MovieTests.MovieServiceUnitTests" time="0.008"/>
  <testcase name="returnAllMoviesWhenNull()" classname="com.example.individualproject.MovieTests.MovieServiceUnitTests" time="0.015"/>
  <testcase name="returnMovieById()" classname="com.example.individualproject.MovieTests.MovieServiceUnitTests" time="0.004"/>
  <testcase name="removeMovie()" classname="com.example.individualproject.MovieTests.MovieServiceUnitTests" time="0.004"/>
  <testcase name="returnPosterOfMovieById()" classname="com.example.individualproject.MovieTests.MovieServiceUnitTests" time="0.004"/>
  <testcase name="addTrailer()" classname="com.example.individualproject.MovieTests.MovieServiceUnitTests" time="0.004"/>
  <testcase name="returnTrailerByMovieId()" classname="com.example.individualproject.MovieTests.MovieServiceUnitTests" time="0.005"/>
  <testcase name="returnAllMovies()" classname="com.example.individualproject.MovieTests.MovieServiceUnitTests" time="0.004"/>
  <testcase name="returnMovieByIdWhenNull()" classname="com.example.individualproject.MovieTests.MovieServiceUnitTests" time="0.004"/>
  <testcase name="returnPhotoOfMovieByID()" classname="com.example.individualproject.MovieTests.MovieServiceUnitTests" time="0.004"/>
  <system-out><![CDATA[2022-01-21 17:19:30.584  INFO 13200 --- [    Test worker] .b.t.c.SpringBootTestContextBootstrapper : Neither @ContextConfiguration nor @ContextHierarchy found for test class [com.example.individualproject.MovieTests.MovieServiceUnitTests], using SpringBootContextLoader
2022-01-21 17:19:30.585  INFO 13200 --- [    Test worker] o.s.t.c.support.AbstractContextLoader    : Could not detect default resource locations for test class [com.example.individualproject.MovieTests.MovieServiceUnitTests]: no resource found for suffixes {-context.xml, Context.groovy}.
2022-01-21 17:19:30.585  INFO 13200 --- [    Test worker] t.c.s.AnnotationConfigContextLoaderUtils : Could not detect default configuration classes for test class [com.example.individualproject.MovieTests.MovieServiceUnitTests]: MovieServiceUnitTests does not declare any static, non-private, non-final, nested classes annotated with @Configuration.
2022-01-21 17:19:30.587  INFO 13200 --- [    Test worker] .b.t.c.SpringBootTestContextBootstrapper : Found @SpringBootConfiguration com.example.individualproject.IndividualProjectApplication for test class com.example.individualproject.MovieTests.MovieServiceUnitTests
2022-01-21 17:19:30.589  INFO 13200 --- [    Test worker] .b.t.c.SpringBootTestContextBootstrapper : Loaded default TestExecutionListener class names from location [META-INF/spring.factories]: [org.springframework.security.test.context.support.WithSecurityContextTestExecutionListener, org.springframework.security.test.context.support.ReactorContextTestExecutionListener, org.springframework.boot.test.autoconfigure.restdocs.RestDocsTestExecutionListener, org.springframework.boot.test.autoconfigure.web.client.MockRestServiceServerResetTestExecutionListener, org.springframework.boot.test.autoconfigure.web.servlet.MockMvcPrintOnlyOnFailureTestExecutionListener, org.springframework.boot.test.autoconfigure.web.servlet.WebDriverTestExecutionListener, org.springframework.boot.test.autoconfigure.webservices.client.MockWebServiceServerTestExecutionListener, org.springframework.boot.test.mock.mockito.MockitoTestExecutionListener, org.springframework.boot.test.mock.mockito.ResetMocksTestExecutionListener, org.springframework.test.context.web.ServletTestExecutionListener, org.springframework.test.context.support.DirtiesContextBeforeModesTestExecutionListener, org.springframework.test.context.event.ApplicationEventsTestExecutionListener, org.springframework.test.context.support.DependencyInjectionTestExecutionListener, org.springframework.test.context.support.DirtiesContextTestExecutionListener, org.springframework.test.context.transaction.TransactionalTestExecutionListener, org.springframework.test.context.jdbc.SqlScriptsTestExecutionListener, org.springframework.test.context.event.EventPublishingTestExecutionListener]
2022-01-21 17:19:30.590  INFO 13200 --- [    Test worker] .b.t.c.SpringBootTestContextBootstrapper : Using TestExecutionListeners: [org.springframework.test.context.web.ServletTestExecutionListener@62b5fb0a, org.springframework.test.context.support.DirtiesContextBeforeModesTestExecutionListener@4959f45, org.springframework.test.context.event.ApplicationEventsTestExecutionListener@5f9ed37, org.springframework.boot.test.mock.mockito.MockitoTestExecutionListener@704dd68b, org.springframework.boot.test.autoconfigure.SpringBootDependencyInjectionTestExecutionListener@3ded0e23, org.springframework.test.context.support.DirtiesContextTestExecutionListener@152ad16c, org.springframework.test.context.transaction.TransactionalTestExecutionListener@5ff006ab, org.springframework.test.context.jdbc.SqlScriptsTestExecutionListener@41976a50, org.springframework.security.test.context.support.WithSecurityContextTestExecutionListener@145ee857, org.springframework.test.context.event.EventPublishingTestExecutionListener@573cfa01, org.springframework.security.test.context.support.ReactorContextTestExecutionListener@8a67b13, org.springframework.boot.test.autoconfigure.restdocs.RestDocsTestExecutionListener@729945bd, org.springframework.boot.test.autoconfigure.web.client.MockRestServiceServerResetTestExecutionListener@116607e9, org.springframework.boot.test.autoconfigure.web.servlet.MockMvcPrintOnlyOnFailureTestExecutionListener@21ba0b36, org.springframework.boot.test.autoconfigure.web.servlet.WebDriverTestExecutionListener@1a7f82f1, org.springframework.boot.test.autoconfigure.webservices.client.MockWebServiceServerTestExecutionListener@227398ae, org.springframework.boot.test.mock.mockito.ResetMocksTestExecutionListener@38b9a46]

  .   ____          _            __ _ _
 /\\ / ___'_ __ _ _(_)_ __  __ _ \ \ \ \
( ( )\___ | '_ | '_| | '_ \/ _` | \ \ \ \
 \\/  ___)| |_)| | | | | || (_| |  ) ) ) )
  '  |____| .__|_| |_|_| |_\__, | / / / /
 =========|_|==============|___/=/_/_/_/
 :: Spring Boot ::                (v2.5.4)

2022-01-21 17:19:30.613  INFO 13200 --- [    Test worker] c.e.i.MovieTests.MovieServiceUnitTests   : Starting MovieServiceUnitTests using Java 11.0.12 on DESKTOP-J8FJ0EB with PID 13200 (started by KristiyanBalev in C:\Users\krist\OneDrive\Desktop\Solo Project\semester-3-individual-task)
2022-01-21 17:19:30.614  INFO 13200 --- [    Test worker] c.e.i.MovieTests.MovieServiceUnitTests   : No active profile set, falling back to default profiles: default
2022-01-21 17:19:31.286  INFO 13200 --- [    Test worker] o.s.s.web.DefaultSecurityFilterChain     : Will secure any request with [org.springframework.security.web.context.request.async.WebAsyncManagerIntegrationFilter@2cd7f148, org.springframework.security.web.context.SecurityContextPersistenceFilter@23d08f17, org.springframework.security.web.header.HeaderWriterFilter@42b1040d, org.springframework.web.filter.CorsFilter@17d890b0, org.springframework.security.web.authentication.logout.LogoutFilter@22bafc16, com.example.individualproject.Filter.JWTAuthenticationFilter@6017c640, com.example.individualproject.Filter.JWTAuthorizationFilter@12a06e70, org.springframework.security.web.savedrequest.RequestCacheAwareFilter@71891970, org.springframework.security.web.servletapi.SecurityContextHolderAwareRequestFilter@3b52ea20, org.springframework.security.web.authentication.AnonymousAuthenticationFilter@16e90dd, org.springframework.security.web.session.SessionManagementFilter@33a1bf0d, org.springframework.security.web.access.ExceptionTranslationFilter@4fc3a914, org.springframework.security.web.access.intercept.FilterSecurityInterceptor@98f6943]
2022-01-21 17:19:31.527  INFO 13200 --- [    Test worker] o.s.m.s.b.SimpleBrokerMessageHandler     : Starting...
2022-01-21 17:19:31.527  INFO 13200 --- [    Test worker] o.s.m.s.b.SimpleBrokerMessageHandler     : BrokerAvailabilityEvent[available=true, SimpleBrokerMessageHandler [org.springframework.messaging.simp.broker.DefaultSubscriptionRegistry@ee8e406]]
2022-01-21 17:19:31.528  INFO 13200 --- [    Test worker] o.s.m.s.b.SimpleBrokerMessageHandler     : Started.
2022-01-21 17:19:31.530  INFO 13200 --- [    Test worker] c.e.i.MovieTests.MovieServiceUnitTests   : Started MovieServiceUnitTests in 0.937 seconds (JVM running for 10.716)
]]></system-out>
  <system-err><![CDATA[]]></system-err>
</testsuite>
