<?xml version="1.0" encoding="UTF-8"?>
<testsuite name="com.example.individualproject.IndividualProjectApplicationTests" tests="1" skipped="0" failures="0" errors="0" timestamp="2022-01-18T10:21:51" hostname="DESKTOP-J8FJ0EB" time="0.006">
  <properties/>
  <testcase name="contextLoads()" classname="com.example.individualproject.IndividualProjectApplicationTests" time="0.006"/>
  <system-out><![CDATA[2022-01-18 11:21:49.826  INFO 3616 --- [    Test worker] .b.t.c.SpringBootTestContextBootstrapper : Neither @ContextConfiguration nor @ContextHierarchy found for test class [com.example.individualproject.IndividualProjectApplicationTests], using SpringBootContextLoader
2022-01-18 11:21:49.828  INFO 3616 --- [    Test worker] o.s.t.c.support.AbstractContextLoader    : Could not detect default resource locations for test class [com.example.individualproject.IndividualProjectApplicationTests]: no resource found for suffixes {-context.xml, Context.groovy}.
2022-01-18 11:21:49.828  INFO 3616 --- [    Test worker] t.c.s.AnnotationConfigContextLoaderUtils : Could not detect default configuration classes for test class [com.example.individualproject.IndividualProjectApplicationTests]: IndividualProjectApplicationTests does not declare any static, non-private, non-final, nested classes annotated with @Configuration.
2022-01-18 11:21:49.835  INFO 3616 --- [    Test worker] .b.t.c.SpringBootTestContextBootstrapper : Found @SpringBootConfiguration com.example.individualproject.IndividualProjectApplication for test class com.example.individualproject.IndividualProjectApplicationTests
2022-01-18 11:21:49.838  INFO 3616 --- [    Test worker] .b.t.c.SpringBootTestContextBootstrapper : Loaded default TestExecutionListener class names from location [META-INF/spring.factories]: [org.springframework.security.test.context.support.WithSecurityContextTestExecutionListener, org.springframework.security.test.context.support.ReactorContextTestExecutionListener, org.springframework.boot.test.autoconfigure.restdocs.RestDocsTestExecutionListener, org.springframework.boot.test.autoconfigure.web.client.MockRestServiceServerResetTestExecutionListener, org.springframework.boot.test.autoconfigure.web.servlet.MockMvcPrintOnlyOnFailureTestExecutionListener, org.springframework.boot.test.autoconfigure.web.servlet.WebDriverTestExecutionListener, org.springframework.boot.test.autoconfigure.webservices.client.MockWebServiceServerTestExecutionListener, org.springframework.boot.test.mock.mockito.MockitoTestExecutionListener, org.springframework.boot.test.mock.mockito.ResetMocksTestExecutionListener, org.springframework.test.context.web.ServletTestExecutionListener, org.springframework.test.context.support.DirtiesContextBeforeModesTestExecutionListener, org.springframework.test.context.event.ApplicationEventsTestExecutionListener, org.springframework.test.context.support.DependencyInjectionTestExecutionListener, org.springframework.test.context.support.DirtiesContextTestExecutionListener, org.springframework.test.context.transaction.TransactionalTestExecutionListener, org.springframework.test.context.jdbc.SqlScriptsTestExecutionListener, org.springframework.test.context.event.EventPublishingTestExecutionListener]
2022-01-18 11:21:49.840  INFO 3616 --- [    Test worker] .b.t.c.SpringBootTestContextBootstrapper : Using TestExecutionListeners: [org.springframework.test.context.web.ServletTestExecutionListener@f71188f, org.springframework.test.context.support.DirtiesContextBeforeModesTestExecutionListener@1a5ac0ff, org.springframework.test.context.event.ApplicationEventsTestExecutionListener@64aca86d, org.springframework.boot.test.mock.mockito.MockitoTestExecutionListener@6d2a3811, org.springframework.boot.test.autoconfigure.SpringBootDependencyInjectionTestExecutionListener@6a18e05b, org.springframework.test.context.support.DirtiesContextTestExecutionListener@260998df, org.springframework.test.context.transaction.TransactionalTestExecutionListener@2767a3b3, org.springframework.test.context.jdbc.SqlScriptsTestExecutionListener@1bb1fdfe, org.springframework.security.test.context.support.WithSecurityContextTestExecutionListener@3686dceb, org.springframework.test.context.event.EventPublishingTestExecutionListener@5ca37584, org.springframework.security.test.context.support.ReactorContextTestExecutionListener@46c32f98, org.springframework.boot.test.autoconfigure.restdocs.RestDocsTestExecutionListener@520964b3, org.springframework.boot.test.autoconfigure.web.client.MockRestServiceServerResetTestExecutionListener@52688b9d, org.springframework.boot.test.autoconfigure.web.servlet.MockMvcPrintOnlyOnFailureTestExecutionListener@15a0db01, org.springframework.boot.test.autoconfigure.web.servlet.WebDriverTestExecutionListener@4ac099c2, org.springframework.boot.test.autoconfigure.webservices.client.MockWebServiceServerTestExecutionListener@53f540d5, org.springframework.boot.test.mock.mockito.ResetMocksTestExecutionListener@45d71d55]

  .   ____          _            __ _ _
 /\\ / ___'_ __ _ _(_)_ __  __ _ \ \ \ \
( ( )\___ | '_ | '_| | '_ \/ _` | \ \ \ \
 \\/  ___)| |_)| | | | | || (_| |  ) ) ) )
  '  |____| .__|_| |_|_| |_\__, | / / / /
 =========|_|==============|___/=/_/_/_/
 :: Spring Boot ::                (v2.5.4)

2022-01-18 11:21:49.883  INFO 3616 --- [    Test worker] c.e.i.IndividualProjectApplicationTests  : Starting IndividualProjectApplicationTests using Java 11.0.12 on DESKTOP-J8FJ0EB with PID 3616 (started by KristiyanBalev in C:\Users\krist\OneDrive\Desktop\Solo Project\semester-3-individual-task)
2022-01-18 11:21:49.884  INFO 3616 --- [    Test worker] c.e.i.IndividualProjectApplicationTests  : No active profile set, falling back to default profiles: default
2022-01-18 11:21:51.164  INFO 3616 --- [    Test worker] o.s.s.web.DefaultSecurityFilterChain     : Will secure any request with [org.springframework.security.web.context.request.async.WebAsyncManagerIntegrationFilter@5e748dc8, org.springframework.security.web.context.SecurityContextPersistenceFilter@54c96830, org.springframework.security.web.header.HeaderWriterFilter@59046cfe, org.springframework.web.filter.CorsFilter@3ab041c5, org.springframework.security.web.authentication.logout.LogoutFilter@7fe1a815, com.example.individualproject.Filter.JWTAuthenticationFilter@7901796c, com.example.individualproject.Filter.JWTAuthorizationFilter@8a41b6b, org.springframework.security.web.savedrequest.RequestCacheAwareFilter@7b88090b, org.springframework.security.web.servletapi.SecurityContextHolderAwareRequestFilter@191e918, org.springframework.security.web.authentication.AnonymousAuthenticationFilter@7244dd7a, org.springframework.security.web.session.SessionManagementFilter@24d8bbd2, org.springframework.security.web.access.ExceptionTranslationFilter@3203adb7, org.springframework.security.web.access.intercept.FilterSecurityInterceptor@3718d98e]
2022-01-18 11:21:51.544  INFO 3616 --- [    Test worker] o.s.m.s.b.SimpleBrokerMessageHandler     : Starting...
2022-01-18 11:21:51.545  INFO 3616 --- [    Test worker] o.s.m.s.b.SimpleBrokerMessageHandler     : BrokerAvailabilityEvent[available=true, SimpleBrokerMessageHandler [org.springframework.messaging.simp.broker.DefaultSubscriptionRegistry@fd77c3c]]
2022-01-18 11:21:51.546  INFO 3616 --- [    Test worker] o.s.m.s.b.SimpleBrokerMessageHandler     : Started.
2022-01-18 11:21:51.552  INFO 3616 --- [    Test worker] c.e.i.IndividualProjectApplicationTests  : Started IndividualProjectApplicationTests in 1.706 seconds (JVM running for 14.679)
]]></system-out>
  <system-err><![CDATA[]]></system-err>
</testsuite>
