<?xml version="1.0" encoding="UTF-8"?>
<testsuite name="com.example.individualproject.TheatreTests.TheatreControllerTests" tests="2" skipped="0" failures="0" errors="0" timestamp="2022-01-18T10:21:57" hostname="DESKTOP-J8FJ0EB" time="0.015">
  <properties/>
  <testcase name="getAllTheatres()" classname="com.example.individualproject.TheatreTests.TheatreControllerTests" time="0.007"/>
  <testcase name="getTheatreById()" classname="com.example.individualproject.TheatreTests.TheatreControllerTests" time="0.006"/>
  <system-out><![CDATA[2022-01-18 11:21:56.334  INFO 3616 --- [    Test worker] .b.t.c.SpringBootTestContextBootstrapper : Neither @ContextConfiguration nor @ContextHierarchy found for test class [com.example.individualproject.TheatreTests.TheatreControllerTests], using SpringBootContextLoader
2022-01-18 11:21:56.335  INFO 3616 --- [    Test worker] o.s.t.c.support.AbstractContextLoader    : Could not detect default resource locations for test class [com.example.individualproject.TheatreTests.TheatreControllerTests]: no resource found for suffixes {-context.xml, Context.groovy}.
2022-01-18 11:21:56.335  INFO 3616 --- [    Test worker] t.c.s.AnnotationConfigContextLoaderUtils : Could not detect default configuration classes for test class [com.example.individualproject.TheatreTests.TheatreControllerTests]: TheatreControllerTests does not declare any static, non-private, non-final, nested classes annotated with @Configuration.
2022-01-18 11:21:56.342  INFO 3616 --- [    Test worker] .b.t.c.SpringBootTestContextBootstrapper : Found @SpringBootConfiguration com.example.individualproject.IndividualProjectApplication for test class com.example.individualproject.TheatreTests.TheatreControllerTests
2022-01-18 11:21:56.344  INFO 3616 --- [    Test worker] .b.t.c.SpringBootTestContextBootstrapper : Loaded default TestExecutionListener class names from location [META-INF/spring.factories]: [org.springframework.security.test.context.support.WithSecurityContextTestExecutionListener, org.springframework.security.test.context.support.ReactorContextTestExecutionListener, org.springframework.boot.test.autoconfigure.restdocs.RestDocsTestExecutionListener, org.springframework.boot.test.autoconfigure.web.client.MockRestServiceServerResetTestExecutionListener, org.springframework.boot.test.autoconfigure.web.servlet.MockMvcPrintOnlyOnFailureTestExecutionListener, org.springframework.boot.test.autoconfigure.web.servlet.WebDriverTestExecutionListener, org.springframework.boot.test.autoconfigure.webservices.client.MockWebServiceServerTestExecutionListener, org.springframework.boot.test.mock.mockito.MockitoTestExecutionListener, org.springframework.boot.test.mock.mockito.ResetMocksTestExecutionListener, org.springframework.test.context.web.ServletTestExecutionListener, org.springframework.test.context.support.DirtiesContextBeforeModesTestExecutionListener, org.springframework.test.context.event.ApplicationEventsTestExecutionListener, org.springframework.test.context.support.DependencyInjectionTestExecutionListener, org.springframework.test.context.support.DirtiesContextTestExecutionListener, org.springframework.test.context.transaction.TransactionalTestExecutionListener, org.springframework.test.context.jdbc.SqlScriptsTestExecutionListener, org.springframework.test.context.event.EventPublishingTestExecutionListener]
2022-01-18 11:21:56.345  INFO 3616 --- [    Test worker] .b.t.c.SpringBootTestContextBootstrapper : Using TestExecutionListeners: [org.springframework.test.context.web.ServletTestExecutionListener@7bf68e45, org.springframework.test.context.support.DirtiesContextBeforeModesTestExecutionListener@5cceb400, org.springframework.test.context.event.ApplicationEventsTestExecutionListener@7111b8c8, org.springframework.boot.test.mock.mockito.MockitoTestExecutionListener@2e735c0f, org.springframework.boot.test.autoconfigure.SpringBootDependencyInjectionTestExecutionListener@61b87b22, org.springframework.test.context.support.DirtiesContextTestExecutionListener@48ffada1, org.springframework.test.context.transaction.TransactionalTestExecutionListener@34548b8e, org.springframework.test.context.jdbc.SqlScriptsTestExecutionListener@733a2f, org.springframework.security.test.context.support.WithSecurityContextTestExecutionListener@22b02068, org.springframework.test.context.event.EventPublishingTestExecutionListener@1797133a, org.springframework.security.test.context.support.ReactorContextTestExecutionListener@70ff2bd, org.springframework.boot.test.autoconfigure.restdocs.RestDocsTestExecutionListener@1eb41231, org.springframework.boot.test.autoconfigure.web.client.MockRestServiceServerResetTestExecutionListener@3da4c2ef, org.springframework.boot.test.autoconfigure.web.servlet.MockMvcPrintOnlyOnFailureTestExecutionListener@128518a2, org.springframework.boot.test.autoconfigure.web.servlet.WebDriverTestExecutionListener@6a678a55, org.springframework.boot.test.autoconfigure.webservices.client.MockWebServiceServerTestExecutionListener@54fc28b2, org.springframework.boot.test.mock.mockito.ResetMocksTestExecutionListener@4fd42b78]

  .   ____          _            __ _ _
 /\\ / ___'_ __ _ _(_)_ __  __ _ \ \ \ \
( ( )\___ | '_ | '_| | '_ \/ _` | \ \ \ \
 \\/  ___)| |_)| | | | | || (_| |  ) ) ) )
  '  |____| .__|_| |_|_| |_\__, | / / / /
 =========|_|==============|___/=/_/_/_/
 :: Spring Boot ::                (v2.5.4)

2022-01-18 11:21:56.373  INFO 3616 --- [    Test worker] c.e.i.T.TheatreControllerTests           : Starting TheatreControllerTests using Java 11.0.12 on DESKTOP-J8FJ0EB with PID 3616 (started by KristiyanBalev in C:\Users\krist\OneDrive\Desktop\Solo Project\semester-3-individual-task)
2022-01-18 11:21:56.374  INFO 3616 --- [    Test worker] c.e.i.T.TheatreControllerTests           : No active profile set, falling back to default profiles: default
2022-01-18 11:21:56.948  INFO 3616 --- [    Test worker] o.s.s.web.DefaultSecurityFilterChain     : Will secure any request with [org.springframework.security.web.context.request.async.WebAsyncManagerIntegrationFilter@554c40e3, org.springframework.security.web.context.SecurityContextPersistenceFilter@4e875dfa, org.springframework.security.web.header.HeaderWriterFilter@35a6ea8d, org.springframework.web.filter.CorsFilter@f21df8f, org.springframework.security.web.authentication.logout.LogoutFilter@1250f931, com.example.individualproject.Filter.JWTAuthenticationFilter@728f1ac3, com.example.individualproject.Filter.JWTAuthorizationFilter@717eb065, org.springframework.security.web.savedrequest.RequestCacheAwareFilter@60dac4cd, org.springframework.security.web.servletapi.SecurityContextHolderAwareRequestFilter@62aab8d9, org.springframework.security.web.authentication.AnonymousAuthenticationFilter@4602adf1, org.springframework.security.web.session.SessionManagementFilter@7107e45, org.springframework.security.web.access.ExceptionTranslationFilter@506fd394, org.springframework.security.web.access.intercept.FilterSecurityInterceptor@19034e31]
2022-01-18 11:21:57.201  INFO 3616 --- [    Test worker] o.s.m.s.b.SimpleBrokerMessageHandler     : Starting...
2022-01-18 11:21:57.202  INFO 3616 --- [    Test worker] o.s.m.s.b.SimpleBrokerMessageHandler     : BrokerAvailabilityEvent[available=true, SimpleBrokerMessageHandler [org.springframework.messaging.simp.broker.DefaultSubscriptionRegistry@10024db3]]
2022-01-18 11:21:57.205  INFO 3616 --- [    Test worker] o.s.m.s.b.SimpleBrokerMessageHandler     : Started.
2022-01-18 11:21:57.211  INFO 3616 --- [    Test worker] c.e.i.T.TheatreControllerTests           : Started TheatreControllerTests in 0.862 seconds (JVM running for 20.339)
]]></system-out>
  <system-err><![CDATA[]]></system-err>
</testsuite>
