<?xml version="1.0" encoding="UTF-8"?>
<testsuite name="com.example.individualproject.MovieTests.MovieControllerTests" tests="3" skipped="0" failures="0" errors="0" timestamp="2022-01-18T10:21:52" hostname="DESKTOP-J8FJ0EB" time="0.049">
  <properties/>
  <testcase name="getAllMovies()" classname="com.example.individualproject.MovieTests.MovieControllerTests" time="0.022"/>
  <testcase name="getTrailerByMovieId()" classname="com.example.individualproject.MovieTests.MovieControllerTests" time="0.012"/>
  <testcase name="getMovieById()" classname="com.example.individualproject.MovieTests.MovieControllerTests" time="0.011"/>
  <system-out><![CDATA[2022-01-18 11:21:51.565  INFO 3616 --- [    Test worker] .b.t.c.SpringBootTestContextBootstrapper : Neither @ContextConfiguration nor @ContextHierarchy found for test class [com.example.individualproject.MovieTests.MovieControllerTests], using SpringBootContextLoader
2022-01-18 11:21:51.566  INFO 3616 --- [    Test worker] o.s.t.c.support.AbstractContextLoader    : Could not detect default resource locations for test class [com.example.individualproject.MovieTests.MovieControllerTests]: no resource found for suffixes {-context.xml, Context.groovy}.
2022-01-18 11:21:51.567  INFO 3616 --- [    Test worker] t.c.s.AnnotationConfigContextLoaderUtils : Could not detect default configuration classes for test class [com.example.individualproject.MovieTests.MovieControllerTests]: MovieControllerTests does not declare any static, non-private, non-final, nested classes annotated with @Configuration.
2022-01-18 11:21:51.577  INFO 3616 --- [    Test worker] .b.t.c.SpringBootTestContextBootstrapper : Found @SpringBootConfiguration com.example.individualproject.IndividualProjectApplication for test class com.example.individualproject.MovieTests.MovieControllerTests
2022-01-18 11:21:51.579  INFO 3616 --- [    Test worker] .b.t.c.SpringBootTestContextBootstrapper : Loaded default TestExecutionListener class names from location [META-INF/spring.factories]: [org.springframework.security.test.context.support.WithSecurityContextTestExecutionListener, org.springframework.security.test.context.support.ReactorContextTestExecutionListener, org.springframework.boot.test.autoconfigure.restdocs.RestDocsTestExecutionListener, org.springframework.boot.test.autoconfigure.web.client.MockRestServiceServerResetTestExecutionListener, org.springframework.boot.test.autoconfigure.web.servlet.MockMvcPrintOnlyOnFailureTestExecutionListener, org.springframework.boot.test.autoconfigure.web.servlet.WebDriverTestExecutionListener, org.springframework.boot.test.autoconfigure.webservices.client.MockWebServiceServerTestExecutionListener, org.springframework.boot.test.mock.mockito.MockitoTestExecutionListener, org.springframework.boot.test.mock.mockito.ResetMocksTestExecutionListener, org.springframework.test.context.web.ServletTestExecutionListener, org.springframework.test.context.support.DirtiesContextBeforeModesTestExecutionListener, org.springframework.test.context.event.ApplicationEventsTestExecutionListener, org.springframework.test.context.support.DependencyInjectionTestExecutionListener, org.springframework.test.context.support.DirtiesContextTestExecutionListener, org.springframework.test.context.transaction.TransactionalTestExecutionListener, org.springframework.test.context.jdbc.SqlScriptsTestExecutionListener, org.springframework.test.context.event.EventPublishingTestExecutionListener]
2022-01-18 11:21:51.580  INFO 3616 --- [    Test worker] .b.t.c.SpringBootTestContextBootstrapper : Using TestExecutionListeners: [org.springframework.test.context.web.ServletTestExecutionListener@1e534523, org.springframework.test.context.support.DirtiesContextBeforeModesTestExecutionListener@6caa8ef, org.springframework.test.context.event.ApplicationEventsTestExecutionListener@258c4094, org.springframework.boot.test.mock.mockito.MockitoTestExecutionListener@6acbfe92, org.springframework.boot.test.autoconfigure.SpringBootDependencyInjectionTestExecutionListener@6e35d4b5, org.springframework.test.context.support.DirtiesContextTestExecutionListener@3d6b944c, org.springframework.test.context.transaction.TransactionalTestExecutionListener@7aa4fb95, org.springframework.test.context.jdbc.SqlScriptsTestExecutionListener@4faea53d, org.springframework.security.test.context.support.WithSecurityContextTestExecutionListener@f7e4001, org.springframework.test.context.event.EventPublishingTestExecutionListener@6ed67c56, org.springframework.security.test.context.support.ReactorContextTestExecutionListener@33f35a4a, org.springframework.boot.test.autoconfigure.restdocs.RestDocsTestExecutionListener@94e9644, org.springframework.boot.test.autoconfigure.web.client.MockRestServiceServerResetTestExecutionListener@74cda124, org.springframework.boot.test.autoconfigure.web.servlet.MockMvcPrintOnlyOnFailureTestExecutionListener@29244727, org.springframework.boot.test.autoconfigure.web.servlet.WebDriverTestExecutionListener@ac6943, org.springframework.boot.test.autoconfigure.webservices.client.MockWebServiceServerTestExecutionListener@7d2d33a4, org.springframework.boot.test.mock.mockito.ResetMocksTestExecutionListener@647069a4]

  .   ____          _            __ _ _
 /\\ / ___'_ __ _ _(_)_ __  __ _ \ \ \ \
( ( )\___ | '_ | '_| | '_ \/ _` | \ \ \ \
 \\/  ___)| |_)| | | | | || (_| |  ) ) ) )
  '  |____| .__|_| |_|_| |_\__, | / / / /
 =========|_|==============|___/=/_/_/_/
 :: Spring Boot ::                (v2.5.4)

2022-01-18 11:21:51.608  INFO 3616 --- [    Test worker] c.e.i.MovieTests.MovieControllerTests    : Starting MovieControllerTests using Java 11.0.12 on DESKTOP-J8FJ0EB with PID 3616 (started by KristiyanBalev in C:\Users\krist\OneDrive\Desktop\Solo Project\semester-3-individual-task)
2022-01-18 11:21:51.609  INFO 3616 --- [    Test worker] c.e.i.MovieTests.MovieControllerTests    : No active profile set, falling back to default profiles: default
2022-01-18 11:21:52.527  INFO 3616 --- [    Test worker] o.s.s.web.DefaultSecurityFilterChain     : Will secure any request with [org.springframework.security.web.context.request.async.WebAsyncManagerIntegrationFilter@11f91332, org.springframework.security.web.context.SecurityContextPersistenceFilter@6203a2d9, org.springframework.security.web.header.HeaderWriterFilter@207fa9d9, org.springframework.web.filter.CorsFilter@eaf4dac, org.springframework.security.web.authentication.logout.LogoutFilter@7ca6466e, com.example.individualproject.Filter.JWTAuthenticationFilter@4316724d, com.example.individualproject.Filter.JWTAuthorizationFilter@34228d54, org.springframework.security.web.savedrequest.RequestCacheAwareFilter@7a0a3fc7, org.springframework.security.web.servletapi.SecurityContextHolderAwareRequestFilter@27e6703e, org.springframework.security.web.authentication.AnonymousAuthenticationFilter@6d9b6861, org.springframework.security.web.session.SessionManagementFilter@1fd77b25, org.springframework.security.web.access.ExceptionTranslationFilter@2717e0ce, org.springframework.security.web.access.intercept.FilterSecurityInterceptor@5925cccf]
2022-01-18 11:21:52.876  INFO 3616 --- [    Test worker] o.s.m.s.b.SimpleBrokerMessageHandler     : Starting...
2022-01-18 11:21:52.876  INFO 3616 --- [    Test worker] o.s.m.s.b.SimpleBrokerMessageHandler     : BrokerAvailabilityEvent[available=true, SimpleBrokerMessageHandler [org.springframework.messaging.simp.broker.DefaultSubscriptionRegistry@786dbb5b]]
2022-01-18 11:21:52.877  INFO 3616 --- [    Test worker] o.s.m.s.b.SimpleBrokerMessageHandler     : Started.
2022-01-18 11:21:52.879  INFO 3616 --- [    Test worker] c.e.i.MovieTests.MovieControllerTests    : Started MovieControllerTests in 1.295 seconds (JVM running for 16.007)
]]></system-out>
  <system-err><![CDATA[]]></system-err>
</testsuite>
