<?xml version="1.0" encoding="UTF-8"?>
<testsuite name="com.example.individualproject.ReservationTests.ReservationServiceUnitTests" tests="5" skipped="0" failures="0" errors="0" timestamp="2022-01-21T16:19:33" hostname="DESKTOP-J8FJ0EB" time="0.026">
  <properties/>
  <testcase name="returnReservationById()" classname="com.example.individualproject.ReservationTests.ReservationServiceUnitTests" time="0.005"/>
  <testcase name="returnReservationByIdWhenNull()" classname="com.example.individualproject.ReservationTests.ReservationServiceUnitTests" time="0.004"/>
  <testcase name="returnAllReservationsWhenNull()" classname="com.example.individualproject.ReservationTests.ReservationServiceUnitTests" time="0.004"/>
  <testcase name="reserve()" classname="com.example.individualproject.ReservationTests.ReservationServiceUnitTests" time="0.004"/>
  <testcase name="returnAllReservations()" classname="com.example.individualproject.ReservationTests.ReservationServiceUnitTests" time="0.004"/>
  <system-out><![CDATA[2022-01-21 17:19:32.588  INFO 13200 --- [    Test worker] .b.t.c.SpringBootTestContextBootstrapper : Neither @ContextConfiguration nor @ContextHierarchy found for test class [com.example.individualproject.ReservationTests.ReservationServiceUnitTests], using SpringBootContextLoader
2022-01-21 17:19:32.589  INFO 13200 --- [    Test worker] o.s.t.c.support.AbstractContextLoader    : Could not detect default resource locations for test class [com.example.individualproject.ReservationTests.ReservationServiceUnitTests]: no resource found for suffixes {-context.xml, Context.groovy}.
2022-01-21 17:19:32.589  INFO 13200 --- [    Test worker] t.c.s.AnnotationConfigContextLoaderUtils : Could not detect default configuration classes for test class [com.example.individualproject.ReservationTests.ReservationServiceUnitTests]: ReservationServiceUnitTests does not declare any static, non-private, non-final, nested classes annotated with @Configuration.
2022-01-21 17:19:32.590  INFO 13200 --- [    Test worker] .b.t.c.SpringBootTestContextBootstrapper : Found @SpringBootConfiguration com.example.individualproject.IndividualProjectApplication for test class com.example.individualproject.ReservationTests.ReservationServiceUnitTests
2022-01-21 17:19:32.592  INFO 13200 --- [    Test worker] .b.t.c.SpringBootTestContextBootstrapper : Loaded default TestExecutionListener class names from location [META-INF/spring.factories]: [org.springframework.security.test.context.support.WithSecurityContextTestExecutionListener, org.springframework.security.test.context.support.ReactorContextTestExecutionListener, org.springframework.boot.test.autoconfigure.restdocs.RestDocsTestExecutionListener, org.springframework.boot.test.autoconfigure.web.client.MockRestServiceServerResetTestExecutionListener, org.springframework.boot.test.autoconfigure.web.servlet.MockMvcPrintOnlyOnFailureTestExecutionListener, org.springframework.boot.test.autoconfigure.web.servlet.WebDriverTestExecutionListener, org.springframework.boot.test.autoconfigure.webservices.client.MockWebServiceServerTestExecutionListener, org.springframework.boot.test.mock.mockito.MockitoTestExecutionListener, org.springframework.boot.test.mock.mockito.ResetMocksTestExecutionListener, org.springframework.test.context.web.ServletTestExecutionListener, org.springframework.test.context.support.DirtiesContextBeforeModesTestExecutionListener, org.springframework.test.context.event.ApplicationEventsTestExecutionListener, org.springframework.test.context.support.DependencyInjectionTestExecutionListener, org.springframework.test.context.support.DirtiesContextTestExecutionListener, org.springframework.test.context.transaction.TransactionalTestExecutionListener, org.springframework.test.context.jdbc.SqlScriptsTestExecutionListener, org.springframework.test.context.event.EventPublishingTestExecutionListener]
2022-01-21 17:19:32.593  INFO 13200 --- [    Test worker] .b.t.c.SpringBootTestContextBootstrapper : Using TestExecutionListeners: [org.springframework.test.context.web.ServletTestExecutionListener@10ef0d41, org.springframework.test.context.support.DirtiesContextBeforeModesTestExecutionListener@a8e3c0c, org.springframework.test.context.event.ApplicationEventsTestExecutionListener@30b7d51f, org.springframework.boot.test.mock.mockito.MockitoTestExecutionListener@7ba6e2e3, org.springframework.boot.test.autoconfigure.SpringBootDependencyInjectionTestExecutionListener@13cb6dd3, org.springframework.test.context.support.DirtiesContextTestExecutionListener@68de4dfa, org.springframework.test.context.transaction.TransactionalTestExecutionListener@66cf62d3, org.springframework.test.context.jdbc.SqlScriptsTestExecutionListener@2a323513, org.springframework.security.test.context.support.WithSecurityContextTestExecutionListener@625f7073, org.springframework.test.context.event.EventPublishingTestExecutionListener@78f4505f, org.springframework.security.test.context.support.ReactorContextTestExecutionListener@65b07c68, org.springframework.boot.test.autoconfigure.restdocs.RestDocsTestExecutionListener@5e115760, org.springframework.boot.test.autoconfigure.web.client.MockRestServiceServerResetTestExecutionListener@47547839, org.springframework.boot.test.autoconfigure.web.servlet.MockMvcPrintOnlyOnFailureTestExecutionListener@1df8ae24, org.springframework.boot.test.autoconfigure.web.servlet.WebDriverTestExecutionListener@7bcdd2cf, org.springframework.boot.test.autoconfigure.webservices.client.MockWebServiceServerTestExecutionListener@2f333081, org.springframework.boot.test.mock.mockito.ResetMocksTestExecutionListener@4b4200ee]

  .   ____          _            __ _ _
 /\\ / ___'_ __ _ _(_)_ __  __ _ \ \ \ \
( ( )\___ | '_ | '_| | '_ \/ _` | \ \ \ \
 \\/  ___)| |_)| | | | | || (_| |  ) ) ) )
  '  |____| .__|_| |_|_| |_\__, | / / / /
 =========|_|==============|___/=/_/_/_/
 :: Spring Boot ::                (v2.5.4)

2022-01-21 17:19:32.611  INFO 13200 --- [    Test worker] c.e.i.R.ReservationServiceUnitTests      : Starting ReservationServiceUnitTests using Java 11.0.12 on DESKTOP-J8FJ0EB with PID 13200 (started by KristiyanBalev in C:\Users\krist\OneDrive\Desktop\Solo Project\semester-3-individual-task)
2022-01-21 17:19:32.612  INFO 13200 --- [    Test worker] c.e.i.R.ReservationServiceUnitTests      : No active profile set, falling back to default profiles: default
2022-01-21 17:19:33.216  INFO 13200 --- [    Test worker] o.s.s.web.DefaultSecurityFilterChain     : Will secure any request with [org.springframework.security.web.context.request.async.WebAsyncManagerIntegrationFilter@410c3d99, org.springframework.security.web.context.SecurityContextPersistenceFilter@cf6b082, org.springframework.security.web.header.HeaderWriterFilter@4a77fab0, org.springframework.web.filter.CorsFilter@2165d157, org.springframework.security.web.authentication.logout.LogoutFilter@7b3d156, com.example.individualproject.Filter.JWTAuthenticationFilter@79ac4cb5, com.example.individualproject.Filter.JWTAuthorizationFilter@668a8640, org.springframework.security.web.savedrequest.RequestCacheAwareFilter@ad22645, org.springframework.security.web.servletapi.SecurityContextHolderAwareRequestFilter@7f05ffd5, org.springframework.security.web.authentication.AnonymousAuthenticationFilter@46ca8ffd, org.springframework.security.web.session.SessionManagementFilter@36fef846, org.springframework.security.web.access.ExceptionTranslationFilter@688dd5ec, org.springframework.security.web.access.intercept.FilterSecurityInterceptor@7b5c9cbc]
2022-01-21 17:19:33.473  INFO 13200 --- [    Test worker] o.s.m.s.b.SimpleBrokerMessageHandler     : Starting...
2022-01-21 17:19:33.473  INFO 13200 --- [    Test worker] o.s.m.s.b.SimpleBrokerMessageHandler     : BrokerAvailabilityEvent[available=true, SimpleBrokerMessageHandler [org.springframework.messaging.simp.broker.DefaultSubscriptionRegistry@12e064cd]]
2022-01-21 17:19:33.473  INFO 13200 --- [    Test worker] o.s.m.s.b.SimpleBrokerMessageHandler     : Started.
2022-01-21 17:19:33.475  INFO 13200 --- [    Test worker] c.e.i.R.ReservationServiceUnitTests      : Started ReservationServiceUnitTests in 0.88 seconds (JVM running for 12.661)
]]></system-out>
  <system-err><![CDATA[]]></system-err>
</testsuite>
