<?xml version="1.0" encoding="UTF-8"?>
<testsuite name="com.example.individualproject.WebSocketsTests.NotificationControllerTests" tests="1" skipped="0" failures="0" errors="0" timestamp="2022-01-21T16:19:36" hostname="DESKTOP-J8FJ0EB" time="0.004">
  <properties/>
  <testcase name="notifyTest()" classname="com.example.individualproject.WebSocketsTests.NotificationControllerTests" time="0.004"/>
  <system-out><![CDATA[2022-01-21 17:19:36.101  INFO 13200 --- [    Test worker] .b.t.c.SpringBootTestContextBootstrapper : Neither @ContextConfiguration nor @ContextHierarchy found for test class [com.example.individualproject.WebSocketsTests.NotificationControllerTests], using SpringBootContextLoader
2022-01-21 17:19:36.102  INFO 13200 --- [    Test worker] o.s.t.c.support.AbstractContextLoader    : Could not detect default resource locations for test class [com.example.individualproject.WebSocketsTests.NotificationControllerTests]: no resource found for suffixes {-context.xml, Context.groovy}.
2022-01-21 17:19:36.102  INFO 13200 --- [    Test worker] t.c.s.AnnotationConfigContextLoaderUtils : Could not detect default configuration classes for test class [com.example.individualproject.WebSocketsTests.NotificationControllerTests]: NotificationControllerTests does not declare any static, non-private, non-final, nested classes annotated with @Configuration.
2022-01-21 17:19:36.103  INFO 13200 --- [    Test worker] .b.t.c.SpringBootTestContextBootstrapper : Found @SpringBootConfiguration com.example.individualproject.IndividualProjectApplication for test class com.example.individualproject.WebSocketsTests.NotificationControllerTests
2022-01-21 17:19:36.105  INFO 13200 --- [    Test worker] .b.t.c.SpringBootTestContextBootstrapper : Loaded default TestExecutionListener class names from location [META-INF/spring.factories]: [org.springframework.security.test.context.support.WithSecurityContextTestExecutionListener, org.springframework.security.test.context.support.ReactorContextTestExecutionListener, org.springframework.boot.test.autoconfigure.restdocs.RestDocsTestExecutionListener, org.springframework.boot.test.autoconfigure.web.client.MockRestServiceServerResetTestExecutionListener, org.springframework.boot.test.autoconfigure.web.servlet.MockMvcPrintOnlyOnFailureTestExecutionListener, org.springframework.boot.test.autoconfigure.web.servlet.WebDriverTestExecutionListener, org.springframework.boot.test.autoconfigure.webservices.client.MockWebServiceServerTestExecutionListener, org.springframework.boot.test.mock.mockito.MockitoTestExecutionListener, org.springframework.boot.test.mock.mockito.ResetMocksTestExecutionListener, org.springframework.test.context.web.ServletTestExecutionListener, org.springframework.test.context.support.DirtiesContextBeforeModesTestExecutionListener, org.springframework.test.context.event.ApplicationEventsTestExecutionListener, org.springframework.test.context.support.DependencyInjectionTestExecutionListener, org.springframework.test.context.support.DirtiesContextTestExecutionListener, org.springframework.test.context.transaction.TransactionalTestExecutionListener, org.springframework.test.context.jdbc.SqlScriptsTestExecutionListener, org.springframework.test.context.event.EventPublishingTestExecutionListener]
2022-01-21 17:19:36.106  INFO 13200 --- [    Test worker] .b.t.c.SpringBootTestContextBootstrapper : Using TestExecutionListeners: [org.springframework.test.context.web.ServletTestExecutionListener@e254d0a, org.springframework.test.context.support.DirtiesContextBeforeModesTestExecutionListener@ade871f, org.springframework.test.context.event.ApplicationEventsTestExecutionListener@33d00768, org.springframework.boot.test.mock.mockito.MockitoTestExecutionListener@287d944e, org.springframework.boot.test.autoconfigure.SpringBootDependencyInjectionTestExecutionListener@c14c156, org.springframework.test.context.support.DirtiesContextTestExecutionListener@728c59b4, org.springframework.test.context.transaction.TransactionalTestExecutionListener@41d4fbca, org.springframework.test.context.jdbc.SqlScriptsTestExecutionListener@5cfd85a, org.springframework.security.test.context.support.WithSecurityContextTestExecutionListener@2f7bb7c4, org.springframework.test.context.event.EventPublishingTestExecutionListener@3f2a1a66, org.springframework.security.test.context.support.ReactorContextTestExecutionListener@5946ace2, org.springframework.boot.test.autoconfigure.restdocs.RestDocsTestExecutionListener@2230b298, org.springframework.boot.test.autoconfigure.web.client.MockRestServiceServerResetTestExecutionListener@5087f48d, org.springframework.boot.test.autoconfigure.web.servlet.MockMvcPrintOnlyOnFailureTestExecutionListener@3f913dd1, org.springframework.boot.test.autoconfigure.web.servlet.WebDriverTestExecutionListener@535ca77d, org.springframework.boot.test.autoconfigure.webservices.client.MockWebServiceServerTestExecutionListener@74df6bfc, org.springframework.boot.test.mock.mockito.ResetMocksTestExecutionListener@1b13ca76]
]]></system-out>
  <system-err><![CDATA[]]></system-err>
</testsuite>
