<?xml version="1.0" encoding="UTF-8"?>
<testsuite name="com.example.individualproject.WebSocketsTests.BroadcastControllerTesting" tests="1" skipped="0" failures="0" errors="0" timestamp="2022-01-18T10:21:59" hostname="DESKTOP-J8FJ0EB" time="0.073">
  <properties/>
  <testcase name="hi()" classname="com.example.individualproject.WebSocketsTests.BroadcastControllerTesting" time="0.073"/>
  <system-out><![CDATA[2022-01-18 11:21:59.090  INFO 3616 --- [    Test worker] .b.t.c.SpringBootTestContextBootstrapper : Neither @ContextConfiguration nor @ContextHierarchy found for test class [com.example.individualproject.WebSocketsTests.BroadcastControllerTesting], using SpringBootContextLoader
2022-01-18 11:21:59.091  INFO 3616 --- [    Test worker] o.s.t.c.support.AbstractContextLoader    : Could not detect default resource locations for test class [com.example.individualproject.WebSocketsTests.BroadcastControllerTesting]: no resource found for suffixes {-context.xml, Context.groovy}.
2022-01-18 11:21:59.091  INFO 3616 --- [    Test worker] t.c.s.AnnotationConfigContextLoaderUtils : Could not detect default configuration classes for test class [com.example.individualproject.WebSocketsTests.BroadcastControllerTesting]: BroadcastControllerTesting does not declare any static, non-private, non-final, nested classes annotated with @Configuration.
2022-01-18 11:21:59.098  INFO 3616 --- [    Test worker] .b.t.c.SpringBootTestContextBootstrapper : Found @SpringBootConfiguration com.example.individualproject.IndividualProjectApplication for test class com.example.individualproject.WebSocketsTests.BroadcastControllerTesting
2022-01-18 11:21:59.100  INFO 3616 --- [    Test worker] .b.t.c.SpringBootTestContextBootstrapper : Loaded default TestExecutionListener class names from location [META-INF/spring.factories]: [org.springframework.security.test.context.support.WithSecurityContextTestExecutionListener, org.springframework.security.test.context.support.ReactorContextTestExecutionListener, org.springframework.boot.test.autoconfigure.restdocs.RestDocsTestExecutionListener, org.springframework.boot.test.autoconfigure.web.client.MockRestServiceServerResetTestExecutionListener, org.springframework.boot.test.autoconfigure.web.servlet.MockMvcPrintOnlyOnFailureTestExecutionListener, org.springframework.boot.test.autoconfigure.web.servlet.WebDriverTestExecutionListener, org.springframework.boot.test.autoconfigure.webservices.client.MockWebServiceServerTestExecutionListener, org.springframework.boot.test.mock.mockito.MockitoTestExecutionListener, org.springframework.boot.test.mock.mockito.ResetMocksTestExecutionListener, org.springframework.test.context.web.ServletTestExecutionListener, org.springframework.test.context.support.DirtiesContextBeforeModesTestExecutionListener, org.springframework.test.context.event.ApplicationEventsTestExecutionListener, org.springframework.test.context.support.DependencyInjectionTestExecutionListener, org.springframework.test.context.support.DirtiesContextTestExecutionListener, org.springframework.test.context.transaction.TransactionalTestExecutionListener, org.springframework.test.context.jdbc.SqlScriptsTestExecutionListener, org.springframework.test.context.event.EventPublishingTestExecutionListener]
2022-01-18 11:21:59.101  INFO 3616 --- [    Test worker] .b.t.c.SpringBootTestContextBootstrapper : Using TestExecutionListeners: [org.springframework.test.context.web.ServletTestExecutionListener@7b0039cb, org.springframework.test.context.support.DirtiesContextBeforeModesTestExecutionListener@6eb6f3d8, org.springframework.test.context.event.ApplicationEventsTestExecutionListener@55aa4ed9, org.springframework.boot.test.mock.mockito.MockitoTestExecutionListener@68cfea43, org.springframework.boot.test.autoconfigure.SpringBootDependencyInjectionTestExecutionListener@127b58f0, org.springframework.test.context.support.DirtiesContextTestExecutionListener@4b8a5154, org.springframework.test.context.transaction.TransactionalTestExecutionListener@4c51027a, org.springframework.test.context.jdbc.SqlScriptsTestExecutionListener@5b5b6441, org.springframework.security.test.context.support.WithSecurityContextTestExecutionListener@13af1b02, org.springframework.test.context.event.EventPublishingTestExecutionListener@ab6f8d2, org.springframework.security.test.context.support.ReactorContextTestExecutionListener@4e30792c, org.springframework.boot.test.autoconfigure.restdocs.RestDocsTestExecutionListener@4e4965c7, org.springframework.boot.test.autoconfigure.web.client.MockRestServiceServerResetTestExecutionListener@25d51007, org.springframework.boot.test.autoconfigure.web.servlet.MockMvcPrintOnlyOnFailureTestExecutionListener@18981c07, org.springframework.boot.test.autoconfigure.web.servlet.WebDriverTestExecutionListener@55acef21, org.springframework.boot.test.autoconfigure.webservices.client.MockWebServiceServerTestExecutionListener@50cedf0e, org.springframework.boot.test.mock.mockito.ResetMocksTestExecutionListener@5d96a838]
]]></system-out>
  <system-err><![CDATA[]]></system-err>
</testsuite>
