<?xml version="1.0" encoding="UTF-8"?>
<testsuite name="com.example.individualproject.UserTests.UserServiceTests" tests="9" skipped="0" failures="0" errors="0" timestamp="2022-01-18T10:21:58" hostname="DESKTOP-J8FJ0EB" time="0.126">
  <properties/>
  <testcase name="userRegistration()" classname="com.example.individualproject.UserTests.UserServiceTests" time="0.084"/>
  <testcase name="getUserByUsername()" classname="com.example.individualproject.UserTests.UserServiceTests" time="0.004"/>
  <testcase name="returnUserById()" classname="com.example.individualproject.UserTests.UserServiceTests" time="0.004"/>
  <testcase name="returnUserNull()" classname="com.example.individualproject.UserTests.UserServiceTests" time="0.003"/>
  <testcase name="editUserDetails()" classname="com.example.individualproject.UserTests.UserServiceTests" time="0.005"/>
  <testcase name="returnAllUsersIfNull()" classname="com.example.individualproject.UserTests.UserServiceTests" time="0.004"/>
  <testcase name="returnUserByIdWhenNull()" classname="com.example.individualproject.UserTests.UserServiceTests" time="0.004"/>
  <testcase name="returnAllUsers()" classname="com.example.individualproject.UserTests.UserServiceTests" time="0.004"/>
  <testcase name="returnUser()" classname="com.example.individualproject.UserTests.UserServiceTests" time="0.004"/>
  <system-out><![CDATA[2022-01-18 11:21:58.186  INFO 3616 --- [    Test worker] .b.t.c.SpringBootTestContextBootstrapper : Neither @ContextConfiguration nor @ContextHierarchy found for test class [com.example.individualproject.UserTests.UserServiceTests], using SpringBootContextLoader
2022-01-18 11:21:58.187  INFO 3616 --- [    Test worker] o.s.t.c.support.AbstractContextLoader    : Could not detect default resource locations for test class [com.example.individualproject.UserTests.UserServiceTests]: no resource found for suffixes {-context.xml, Context.groovy}.
2022-01-18 11:21:58.187  INFO 3616 --- [    Test worker] t.c.s.AnnotationConfigContextLoaderUtils : Could not detect default configuration classes for test class [com.example.individualproject.UserTests.UserServiceTests]: UserServiceTests does not declare any static, non-private, non-final, nested classes annotated with @Configuration.
2022-01-18 11:21:58.192  INFO 3616 --- [    Test worker] .b.t.c.SpringBootTestContextBootstrapper : Found @SpringBootConfiguration com.example.individualproject.IndividualProjectApplication for test class com.example.individualproject.UserTests.UserServiceTests
2022-01-18 11:21:58.194  INFO 3616 --- [    Test worker] .b.t.c.SpringBootTestContextBootstrapper : Loaded default TestExecutionListener class names from location [META-INF/spring.factories]: [org.springframework.security.test.context.support.WithSecurityContextTestExecutionListener, org.springframework.security.test.context.support.ReactorContextTestExecutionListener, org.springframework.boot.test.autoconfigure.restdocs.RestDocsTestExecutionListener, org.springframework.boot.test.autoconfigure.web.client.MockRestServiceServerResetTestExecutionListener, org.springframework.boot.test.autoconfigure.web.servlet.MockMvcPrintOnlyOnFailureTestExecutionListener, org.springframework.boot.test.autoconfigure.web.servlet.WebDriverTestExecutionListener, org.springframework.boot.test.autoconfigure.webservices.client.MockWebServiceServerTestExecutionListener, org.springframework.boot.test.mock.mockito.MockitoTestExecutionListener, org.springframework.boot.test.mock.mockito.ResetMocksTestExecutionListener, org.springframework.test.context.web.ServletTestExecutionListener, org.springframework.test.context.support.DirtiesContextBeforeModesTestExecutionListener, org.springframework.test.context.event.ApplicationEventsTestExecutionListener, org.springframework.test.context.support.DependencyInjectionTestExecutionListener, org.springframework.test.context.support.DirtiesContextTestExecutionListener, org.springframework.test.context.transaction.TransactionalTestExecutionListener, org.springframework.test.context.jdbc.SqlScriptsTestExecutionListener, org.springframework.test.context.event.EventPublishingTestExecutionListener]
2022-01-18 11:21:58.195  INFO 3616 --- [    Test worker] .b.t.c.SpringBootTestContextBootstrapper : Using TestExecutionListeners: [org.springframework.test.context.web.ServletTestExecutionListener@5ab6ed80, org.springframework.test.context.support.DirtiesContextBeforeModesTestExecutionListener@595cb950, org.springframework.test.context.event.ApplicationEventsTestExecutionListener@4bc76067, org.springframework.boot.test.mock.mockito.MockitoTestExecutionListener@32b044bc, org.springframework.boot.test.autoconfigure.SpringBootDependencyInjectionTestExecutionListener@5f076587, org.springframework.test.context.support.DirtiesContextTestExecutionListener@63add10e, org.springframework.test.context.transaction.TransactionalTestExecutionListener@13195144, org.springframework.test.context.jdbc.SqlScriptsTestExecutionListener@23bc723f, org.springframework.security.test.context.support.WithSecurityContextTestExecutionListener@47731092, org.springframework.test.context.event.EventPublishingTestExecutionListener@4adb9cd3, org.springframework.security.test.context.support.ReactorContextTestExecutionListener@131167bd, org.springframework.boot.test.autoconfigure.restdocs.RestDocsTestExecutionListener@537cd26a, org.springframework.boot.test.autoconfigure.web.client.MockRestServiceServerResetTestExecutionListener@c54bf17, org.springframework.boot.test.autoconfigure.web.servlet.MockMvcPrintOnlyOnFailureTestExecutionListener@1a7f874a, org.springframework.boot.test.autoconfigure.web.servlet.WebDriverTestExecutionListener@24b2737, org.springframework.boot.test.autoconfigure.webservices.client.MockWebServiceServerTestExecutionListener@37914a96, org.springframework.boot.test.mock.mockito.ResetMocksTestExecutionListener@1e94e774]

  .   ____          _            __ _ _
 /\\ / ___'_ __ _ _(_)_ __  __ _ \ \ \ \
( ( )\___ | '_ | '_| | '_ \/ _` | \ \ \ \
 \\/  ___)| |_)| | | | | || (_| |  ) ) ) )
  '  |____| .__|_| |_|_| |_\__, | / / / /
 =========|_|==============|___/=/_/_/_/
 :: Spring Boot ::                (v2.5.4)

2022-01-18 11:21:58.215  INFO 3616 --- [    Test worker] c.e.i.UserTests.UserServiceTests         : Starting UserServiceTests using Java 11.0.12 on DESKTOP-J8FJ0EB with PID 3616 (started by KristiyanBalev in C:\Users\krist\OneDrive\Desktop\Solo Project\semester-3-individual-task)
2022-01-18 11:21:58.215  INFO 3616 --- [    Test worker] c.e.i.UserTests.UserServiceTests         : No active profile set, falling back to default profiles: default
2022-01-18 11:21:58.741  INFO 3616 --- [    Test worker] o.s.s.web.DefaultSecurityFilterChain     : Will secure any request with [org.springframework.security.web.context.request.async.WebAsyncManagerIntegrationFilter@779405d5, org.springframework.security.web.context.SecurityContextPersistenceFilter@6bff96b0, org.springframework.security.web.header.HeaderWriterFilter@708bf01e, org.springframework.web.filter.CorsFilter@ab395cf, org.springframework.security.web.authentication.logout.LogoutFilter@7833ab65, com.example.individualproject.Filter.JWTAuthenticationFilter@740581dc, com.example.individualproject.Filter.JWTAuthorizationFilter@e24228b, org.springframework.security.web.savedrequest.RequestCacheAwareFilter@5c67008d, org.springframework.security.web.servletapi.SecurityContextHolderAwareRequestFilter@7343101f, org.springframework.security.web.authentication.AnonymousAuthenticationFilter@59493437, org.springframework.security.web.session.SessionManagementFilter@711da58c, org.springframework.security.web.access.ExceptionTranslationFilter@770804f6, org.springframework.security.web.access.intercept.FilterSecurityInterceptor@2daafe21]
2022-01-18 11:21:58.956  INFO 3616 --- [    Test worker] o.s.m.s.b.SimpleBrokerMessageHandler     : Starting...
2022-01-18 11:21:58.957  INFO 3616 --- [    Test worker] o.s.m.s.b.SimpleBrokerMessageHandler     : BrokerAvailabilityEvent[available=true, SimpleBrokerMessageHandler [org.springframework.messaging.simp.broker.DefaultSubscriptionRegistry@2aa182e8]]
2022-01-18 11:21:58.957  INFO 3616 --- [    Test worker] o.s.m.s.b.SimpleBrokerMessageHandler     : Started.
2022-01-18 11:21:58.958  INFO 3616 --- [    Test worker] c.e.i.UserTests.UserServiceTests         : Started UserServiceTests in 0.761 seconds (JVM running for 22.086)
]]></system-out>
  <system-err><![CDATA[]]></system-err>
</testsuite>
