<?xml version="1.0" encoding="UTF-8"?>
<testsuite name="com.example.individualproject.MovieTests.MovieControllerTests" tests="3" skipped="0" failures="0" errors="0" timestamp="2022-01-21T16:19:30" hostname="DESKTOP-J8FJ0EB" time="0.028">
  <properties/>
  <testcase name="getAllMovies()" classname="com.example.individualproject.MovieTests.MovieControllerTests" time="0.015"/>
  <testcase name="getTrailerByMovieId()" classname="com.example.individualproject.MovieTests.MovieControllerTests" time="0.005"/>
  <testcase name="getMovieById()" classname="com.example.individualproject.MovieTests.MovieControllerTests" time="0.005"/>
  <system-out><![CDATA[2022-01-21 17:19:29.497  INFO 13200 --- [    Test worker] .b.t.c.SpringBootTestContextBootstrapper : Neither @ContextConfiguration nor @ContextHierarchy found for test class [com.example.individualproject.MovieTests.MovieControllerTests], using SpringBootContextLoader
2022-01-21 17:19:29.498  INFO 13200 --- [    Test worker] o.s.t.c.support.AbstractContextLoader    : Could not detect default resource locations for test class [com.example.individualproject.MovieTests.MovieControllerTests]: no resource found for suffixes {-context.xml, Context.groovy}.
2022-01-21 17:19:29.498  INFO 13200 --- [    Test worker] t.c.s.AnnotationConfigContextLoaderUtils : Could not detect default configuration classes for test class [com.example.individualproject.MovieTests.MovieControllerTests]: MovieControllerTests does not declare any static, non-private, non-final, nested classes annotated with @Configuration.
2022-01-21 17:19:29.507  INFO 13200 --- [    Test worker] .b.t.c.SpringBootTestContextBootstrapper : Found @SpringBootConfiguration com.example.individualproject.IndividualProjectApplication for test class com.example.individualproject.MovieTests.MovieControllerTests
2022-01-21 17:19:29.509  INFO 13200 --- [    Test worker] .b.t.c.SpringBootTestContextBootstrapper : Loaded default TestExecutionListener class names from location [META-INF/spring.factories]: [org.springframework.security.test.context.support.WithSecurityContextTestExecutionListener, org.springframework.security.test.context.support.ReactorContextTestExecutionListener, org.springframework.boot.test.autoconfigure.restdocs.RestDocsTestExecutionListener, org.springframework.boot.test.autoconfigure.web.client.MockRestServiceServerResetTestExecutionListener, org.springframework.boot.test.autoconfigure.web.servlet.MockMvcPrintOnlyOnFailureTestExecutionListener, org.springframework.boot.test.autoconfigure.web.servlet.WebDriverTestExecutionListener, org.springframework.boot.test.autoconfigure.webservices.client.MockWebServiceServerTestExecutionListener, org.springframework.boot.test.mock.mockito.MockitoTestExecutionListener, org.springframework.boot.test.mock.mockito.ResetMocksTestExecutionListener, org.springframework.test.context.web.ServletTestExecutionListener, org.springframework.test.context.support.DirtiesContextBeforeModesTestExecutionListener, org.springframework.test.context.event.ApplicationEventsTestExecutionListener, org.springframework.test.context.support.DependencyInjectionTestExecutionListener, org.springframework.test.context.support.DirtiesContextTestExecutionListener, org.springframework.test.context.transaction.TransactionalTestExecutionListener, org.springframework.test.context.jdbc.SqlScriptsTestExecutionListener, org.springframework.test.context.event.EventPublishingTestExecutionListener]
2022-01-21 17:19:29.510  INFO 13200 --- [    Test worker] .b.t.c.SpringBootTestContextBootstrapper : Using TestExecutionListeners: [org.springframework.test.context.web.ServletTestExecutionListener@7c91055d, org.springframework.test.context.support.DirtiesContextBeforeModesTestExecutionListener@5d77d241, org.springframework.test.context.event.ApplicationEventsTestExecutionListener@7b6aac51, org.springframework.boot.test.mock.mockito.MockitoTestExecutionListener@5141d668, org.springframework.boot.test.autoconfigure.SpringBootDependencyInjectionTestExecutionListener@258e8af0, org.springframework.test.context.support.DirtiesContextTestExecutionListener@4608b1da, org.springframework.test.context.transaction.TransactionalTestExecutionListener@68ae956e, org.springframework.test.context.jdbc.SqlScriptsTestExecutionListener@3703ec85, org.springframework.security.test.context.support.WithSecurityContextTestExecutionListener@668b299f, org.springframework.test.context.event.EventPublishingTestExecutionListener@650ed2f5, org.springframework.security.test.context.support.ReactorContextTestExecutionListener@79972edf, org.springframework.boot.test.autoconfigure.restdocs.RestDocsTestExecutionListener@515882ac, org.springframework.boot.test.autoconfigure.web.client.MockRestServiceServerResetTestExecutionListener@6e208ec9, org.springframework.boot.test.autoconfigure.web.servlet.MockMvcPrintOnlyOnFailureTestExecutionListener@7d2a6082, org.springframework.boot.test.autoconfigure.web.servlet.WebDriverTestExecutionListener@3d0b482e, org.springframework.boot.test.autoconfigure.webservices.client.MockWebServiceServerTestExecutionListener@2853e0c1, org.springframework.boot.test.mock.mockito.ResetMocksTestExecutionListener@426f75c4]

  .   ____          _            __ _ _
 /\\ / ___'_ __ _ _(_)_ __  __ _ \ \ \ \
( ( )\___ | '_ | '_| | '_ \/ _` | \ \ \ \
 \\/  ___)| |_)| | | | | || (_| |  ) ) ) )
  '  |____| .__|_| |_|_| |_\__, | / / / /
 =========|_|==============|___/=/_/_/_/
 :: Spring Boot ::                (v2.5.4)

2022-01-21 17:19:29.537  INFO 13200 --- [    Test worker] c.e.i.MovieTests.MovieControllerTests    : Starting MovieControllerTests using Java 11.0.12 on DESKTOP-J8FJ0EB with PID 13200 (started by KristiyanBalev in C:\Users\krist\OneDrive\Desktop\Solo Project\semester-3-individual-task)
2022-01-21 17:19:29.538  INFO 13200 --- [    Test worker] c.e.i.MovieTests.MovieControllerTests    : No active profile set, falling back to default profiles: default
2022-01-21 17:19:30.269  INFO 13200 --- [    Test worker] o.s.s.web.DefaultSecurityFilterChain     : Will secure any request with [org.springframework.security.web.context.request.async.WebAsyncManagerIntegrationFilter@7a80480f, org.springframework.security.web.context.SecurityContextPersistenceFilter@517ed0fc, org.springframework.security.web.header.HeaderWriterFilter@713b6d75, org.springframework.web.filter.CorsFilter@6ede4a2f, org.springframework.security.web.authentication.logout.LogoutFilter@1dec908b, com.example.individualproject.Filter.JWTAuthenticationFilter@56f9c273, com.example.individualproject.Filter.JWTAuthorizationFilter@6261d24a, org.springframework.security.web.savedrequest.RequestCacheAwareFilter@1dfc8ef5, org.springframework.security.web.servletapi.SecurityContextHolderAwareRequestFilter@370618fa, org.springframework.security.web.authentication.AnonymousAuthenticationFilter@1ad93e39, org.springframework.security.web.session.SessionManagementFilter@3ef669f2, org.springframework.security.web.access.ExceptionTranslationFilter@171b7abc, org.springframework.security.web.access.intercept.FilterSecurityInterceptor@619ab6d0]
2022-01-21 17:19:30.547  INFO 13200 --- [    Test worker] o.s.m.s.b.SimpleBrokerMessageHandler     : Starting...
2022-01-21 17:19:30.547  INFO 13200 --- [    Test worker] o.s.m.s.b.SimpleBrokerMessageHandler     : BrokerAvailabilityEvent[available=true, SimpleBrokerMessageHandler [org.springframework.messaging.simp.broker.DefaultSubscriptionRegistry@f77a1d2]]
2022-01-21 17:19:30.548  INFO 13200 --- [    Test worker] o.s.m.s.b.SimpleBrokerMessageHandler     : Started.
2022-01-21 17:19:30.550  INFO 13200 --- [    Test worker] c.e.i.MovieTests.MovieControllerTests    : Started MovieControllerTests in 1.037 seconds (JVM running for 9.736)
]]></system-out>
  <system-err><![CDATA[]]></system-err>
</testsuite>
